This file contains any messages produced by compilers while
running configure, to aid debugging if configure makes a mistake.

It was created by transmission configure 2.93, which was
generated by GNU Autoconf 2.69.  Invocation command line was

  $ ./configure --host=arm-linux --build=x86_64-linux-gnu --target=arm-linux --host=arm-linux --build=x86_64-linux-gnu --prefix=/usr --disable-nls --enable-lightweight --enable-largefile --enable-utp --without-gtk LIBCURL_CFLAGS=-I/root/advancedtomat/release/src-rt-6.x.4708/router/libcurl/include LIBCURL_LDFLAGS=-L/root/advancedtomat/release/src-rt-6.x.4708/router/libcurl/lib/.libs/ LIBCURL_LIBS=-lcurl LIBEVENT_CFLAGS=-I/root/advancedtomat/release/src-rt-6.x.4708/router/libevent/include LIBEVENT_LDFLAGS=-L/root/advancedtomat/release/src-rt-6.x.4708/router/libevent/.libs LIBEVENT_LIBS=-levent OPENSSL_CFLAGS=-I/root/advancedtomat/release/src-rt-6.x.4708/router/openssl/include OPENSSL_LDFLAGS=-L/root/advancedtomat/release/src-rt-6.x.4708/router/openssl OPENSSL_LIBS=-lcrypto -lssl ZLIB_CFLAGS=-I/root/advancedtomat/release/src-rt-6.x.4708/router/zlib ZLIB_LDFLAGS=-L/root/advancedtomat/release/src-rt-6.x.4708/router/zlib ZLIB_LIBS=-lz

## --------- ##
## Platform. ##
## --------- ##

hostname = debian
uname -m = x86_64
uname -r = 4.9.0-6-amd64
uname -s = Linux
uname -v = #1 SMP Debian 4.9.88-1+deb9u1 (2018-05-07)

/usr/bin/uname -p = unknown
/bin/uname -X     = unknown

/bin/arch              = unknown
/usr/bin/arch -k       = unknown
/usr/convex/getsysinfo = unknown
/usr/bin/hostinfo      = unknown
/bin/machine           = unknown
/usr/bin/oslevel       = unknown
/bin/universe          = unknown

PATH: /root/advancedtomat/release/tools
PATH: /root/advancedtomat/release/tools
PATH: /root/advancedtomat/release/tools
PATH: /root/advancedtomat/release/tools
PATH: /usr/local/sbin
PATH: /usr/local/bin
PATH: /usr/sbin
PATH: /usr/bin
PATH: /sbin
PATH: /bin
PATH: /root/advancedtomat/release/src-rt-6.x.4708/toolchains/hndtools-arm-linux-2.6.36-uclibc-4.5.3/bin
PATH: /sbin
PATH: /root/advancedtomato/release/src-rt-6.x.4708/toolchains/hndtools-arm-linux-2.6.36-uclibc-4.5.3/bin
PATH: /sbin


## ----------- ##
## Core tests. ##
## ----------- ##

configure:2646: checking whether make supports nested variables
configure:2663: result: yes
configure:2723: checking for a BSD-compatible install
configure:2791: result: /usr/bin/install -c
configure:2802: checking whether build environment is sane
configure:2857: result: yes
configure:2916: checking for arm-linux-strip
configure:2943: result: arm-brcm-linux-uclibcgnueabi-strip
configure:3008: checking for a thread-safe mkdir -p
configure:3047: result: /bin/mkdir -p
configure:3054: checking for gawk
configure:3070: found /usr/bin/gawk
configure:3081: result: gawk
configure:3092: checking whether make sets $(MAKE)
configure:3114: result: yes
configure:3200: checking how to create a pax tar archive
configure:3211: tar --version
tar (GNU tar) 1.29
Copyright (C) 2015 Free Software Foundation, Inc.
License GPLv3+: GNU GPL version 3 or later <http://gnu.org/licenses/gpl.html>.
This is free software: you are free to change and redistribute it.
There is NO WARRANTY, to the extent permitted by law.

Written by John Gilmore and Jay Fenlason.
configure:3214: $? = 0
configure:3254: tardir=conftest.dir && eval tar --format=posix -chf - "$tardir" >conftest.tar
configure:3257: $? = 0
configure:3261: tar -xf - <conftest.tar
configure:3264: $? = 0
configure:3266: cat conftest.dir/file
GrepMe
configure:3269: $? = 0
configure:3282: result: gnutar
configure:3360: checking build system type
configure:3374: result: x86_64-pc-linux-gnu
configure:3394: checking host system type
configure:3407: result: arm-unknown-linux-gnu
configure:3448: checking how to print strings
configure:3475: result: printf
configure:3508: checking for style of include used by make
configure:3536: result: GNU
configure:3567: checking for arm-linux-gcc
configure:3594: result: arm-brcm-linux-uclibcgnueabi-gcc
configure:3863: checking for C compiler version
configure:3872: arm-brcm-linux-uclibcgnueabi-gcc --version >&5
arm-brcm-linux-uclibcgnueabi-gcc (Buildroot 2012.02) 4.5.3
Copyright (C) 2010 Free Software Foundation, Inc.
This is free software; see the source for copying conditions.  There is NO
warranty; not even for MERCHANTABILITY or FITNESS FOR A PARTICULAR PURPOSE.

configure:3883: $? = 0
configure:3872: arm-brcm-linux-uclibcgnueabi-gcc -v >&5
Using built-in specs.
COLLECT_GCC=arm-brcm-linux-uclibcgnueabi-gcc
COLLECT_LTO_WRAPPER=/root/advancedtomat/release/src-rt-6.x.4708/toolchains/hndtools-arm-linux-2.6.36-uclibc-4.5.3/bin/../libexec/gcc/arm-brcm-linux-uclibcgnueabi/4.5.3/lto-wrapper
Target: arm-brcm-linux-uclibcgnueabi
Configured with: /projects/toolchains_build/buildroot-2012.02-brcm/output/toolchain/gcc-4.5.3/configure --prefix=/projects/hnd/tools/linux/hndtools-arm-linux-2.6.36-uclibc-4.5.3 --build=i686-pc-linux-gnu --host=i686-pc-linux-gnu --target=arm-brcm-linux-uclibcgnueabi --enable-languages=c,c++ --with-sysroot=/projects/hnd/tools/linux/hndtools-arm-linux-2.6.36-uclibc-4.5.3/arm-brcm-linux-uclibcgnueabi/sysroot --with-build-time-tools=/projects/hnd/tools/linux/hndtools-arm-linux-2.6.36-uclibc-4.5.3/arm-brcm-linux-uclibcgnueabi/bin --disable-__cxa_atexit --enable-target-optspace --disable-libgomp --with-gnu-ld --disable-libssp --disable-multilib --disable-tls --enable-shared --with-gmp=/projects/hnd/tools/linux/hndtools-arm-linux-2.6.36-uclibc-4.5.3 --with-mpfr=/projects/hnd/tools/linux/hndtools-arm-linux-2.6.36-uclibc-4.5.3 --with-mpc=/projects/hnd/tools/linux/hndtools-arm-linux-2.6.36-uclibc-4.5.3 --enable-threads --disable-decimal-float --with-float=soft --with-abi=aapcs-linux --with-arch=armv7-a --with-tune=cortex-a9 --with-pkgversion='Buildroot 2012.02' --with-bugurl=http://bugs.buildroot.net/
Thread model: posix
gcc version 4.5.3 (Buildroot 2012.02) 
configure:3883: $? = 0
configure:3872: arm-brcm-linux-uclibcgnueabi-gcc -V >&5
arm-brcm-linux-uclibcgnueabi-gcc: '-V' option must have argument
configure:3883: $? = 1
configure:3872: arm-brcm-linux-uclibcgnueabi-gcc -qversion >&5
arm-brcm-linux-uclibcgnueabi-gcc: unrecognized option '-qversion'
arm-brcm-linux-uclibcgnueabi-gcc: no input files
configure:3883: $? = 1
configure:3903: checking whether the C compiler works
configure:3925: arm-brcm-linux-uclibcgnueabi-gcc -Os -Wall -fno-delete-null-pointer-checks -funit-at-a-time 		--param large-function-growth=800 --param max-inline-insns-single=3000 		-ffunction-sections -fdata-sections  -ffunction-sections -fdata-sections -Wl,--gc-sections -fPIC 		-L/root/advancedtomat/release/src-rt-6.x.4708/router/zlib -L/root/advancedtomat/release/src-rt-6.x.4708/router/openssl -L/root/advancedtomat/release/src-rt-6.x.4708/router/libcurl/lib/.libs -L/root/advancedtomat/release/src-rt-6.x.4708/router/libevent/.libs conftest.c  >&5
configure:3929: $? = 0
configure:3977: result: yes
configure:3980: checking for C compiler default output file name
configure:3982: result: a.out
configure:3988: checking for suffix of executables
configure:3995: arm-brcm-linux-uclibcgnueabi-gcc -o conftest -Os -Wall -fno-delete-null-pointer-checks -funit-at-a-time 		--param large-function-growth=800 --param max-inline-insns-single=3000 		-ffunction-sections -fdata-sections  -ffunction-sections -fdata-sections -Wl,--gc-sections -fPIC 		-L/root/advancedtomat/release/src-rt-6.x.4708/router/zlib -L/root/advancedtomat/release/src-rt-6.x.4708/router/openssl -L/root/advancedtomat/release/src-rt-6.x.4708/router/libcurl/lib/.libs -L/root/advancedtomat/release/src-rt-6.x.4708/router/libevent/.libs conftest.c  >&5
configure:3999: $? = 0
configure:4021: result: 
configure:4043: checking whether we are cross compiling
configure:4081: result: yes
configure:4086: checking for suffix of object files
configure:4108: arm-brcm-linux-uclibcgnueabi-gcc -c -Os -Wall -fno-delete-null-pointer-checks -funit-at-a-time 		--param large-function-growth=800 --param max-inline-insns-single=3000 		-ffunction-sections -fdata-sections  conftest.c >&5
configure:4112: $? = 0
configure:4133: result: o
configure:4137: checking whether we are using the GNU C compiler
configure:4156: arm-brcm-linux-uclibcgnueabi-gcc -c -Os -Wall -fno-delete-null-pointer-checks -funit-at-a-time 		--param large-function-growth=800 --param max-inline-insns-single=3000 		-ffunction-sections -fdata-sections  conftest.c >&5
configure:4156: $? = 0
configure:4165: result: yes
configure:4174: checking whether arm-brcm-linux-uclibcgnueabi-gcc accepts -g
configure:4194: arm-brcm-linux-uclibcgnueabi-gcc -c -g  conftest.c >&5
configure:4194: $? = 0
configure:4235: result: yes
configure:4252: checking for arm-brcm-linux-uclibcgnueabi-gcc option to accept ISO C89
configure:4315: arm-brcm-linux-uclibcgnueabi-gcc  -c -Os -Wall -fno-delete-null-pointer-checks -funit-at-a-time 		--param large-function-growth=800 --param max-inline-insns-single=3000 		-ffunction-sections -fdata-sections  conftest.c >&5
configure:4315: $? = 0
configure:4328: result: none needed
configure:4353: checking whether arm-brcm-linux-uclibcgnueabi-gcc understands -c and -o together
configure:4375: arm-brcm-linux-uclibcgnueabi-gcc -c conftest.c -o conftest2.o
configure:4378: $? = 0
configure:4375: arm-brcm-linux-uclibcgnueabi-gcc -c conftest.c -o conftest2.o
configure:4378: $? = 0
configure:4390: result: yes
configure:4409: checking dependency style of arm-brcm-linux-uclibcgnueabi-gcc
configure:4520: result: gcc3
configure:4535: checking for a sed that does not truncate output
configure:4599: result: /bin/sed
configure:4617: checking for grep that handles long lines and -e
configure:4675: result: /bin/grep
configure:4680: checking for egrep
configure:4742: result: /bin/grep -E
configure:4747: checking for fgrep
configure:4809: result: /bin/grep -F
configure:4844: checking for ld used by arm-brcm-linux-uclibcgnueabi-gcc
configure:4911: result: arm-brcm-linux-uclibcgnueabi-ld
configure:4918: checking if the linker (arm-brcm-linux-uclibcgnueabi-ld) is GNU ld
configure:4933: result: yes
configure:4945: checking for BSD- or MS-compatible name lister (nm)
configure:4999: result: arm-brcm-linux-uclibcgnueabi-nm
configure:5129: checking the name lister (arm-brcm-linux-uclibcgnueabi-nm) interface
configure:5136: arm-brcm-linux-uclibcgnueabi-gcc -c -Os -Wall -fno-delete-null-pointer-checks -funit-at-a-time 		--param large-function-growth=800 --param max-inline-insns-single=3000 		-ffunction-sections -fdata-sections  conftest.c >&5
configure:5139: arm-brcm-linux-uclibcgnueabi-nm "conftest.o"
configure:5142: output
00000000 B some_variable
configure:5149: result: BSD nm
configure:5152: checking whether ln -s works
configure:5156: result: yes
configure:5164: checking the maximum length of command line arguments
configure:5295: result: 1572864
configure:5343: checking how to convert x86_64-pc-linux-gnu file names to arm-unknown-linux-gnu format
configure:5383: result: func_convert_file_noop
configure:5390: checking how to convert x86_64-pc-linux-gnu file names to toolchain format
configure:5410: result: func_convert_file_noop
configure:5417: checking for arm-brcm-linux-uclibcgnueabi-ld option to reload object files
configure:5424: result: -r
configure:5458: checking for arm-linux-objdump
configure:5488: result: no
configure:5498: checking for objdump
configure:5514: found /usr/bin/objdump
configure:5525: result: objdump
configure:5537: WARNING: using cross tools not prefixed with host triplet
configure:5557: checking how to recognize dependent libraries
configure:5757: result: pass_all
configure:5802: checking for arm-linux-dlltool
configure:5832: result: no
configure:5842: checking for dlltool
configure:5872: result: no
configure:5902: checking how to associate runtime and link libraries
configure:5929: result: printf %s\n
configure:5946: checking for arm-linux-ar
configure:5973: result: arm-brcm-linux-uclibcgnueabi-ar
configure:6054: checking for archiver @FILE support
configure:6071: arm-brcm-linux-uclibcgnueabi-gcc -c -Os -Wall -fno-delete-null-pointer-checks -funit-at-a-time 		--param large-function-growth=800 --param max-inline-insns-single=3000 		-ffunction-sections -fdata-sections  conftest.c >&5
configure:6071: $? = 0
configure:6074: arm-brcm-linux-uclibcgnueabi-ar cru libconftest.a @conftest.lst >&5
configure:6077: $? = 0
configure:6082: arm-brcm-linux-uclibcgnueabi-ar cru libconftest.a @conftest.lst >&5
arm-brcm-linux-uclibcgnueabi-ar: conftest.o: No such file or directory
configure:6085: $? = 1
configure:6097: result: @
configure:6115: checking for arm-linux-strip
configure:6142: result: arm-brcm-linux-uclibcgnueabi-strip
configure:6214: checking for arm-linux-ranlib
configure:6241: result: arm-brcm-linux-uclibcgnueabi-ranlib
configure:6383: checking command to parse arm-brcm-linux-uclibcgnueabi-nm output from arm-brcm-linux-uclibcgnueabi-gcc object
configure:6536: arm-brcm-linux-uclibcgnueabi-gcc -c -Os -Wall -fno-delete-null-pointer-checks -funit-at-a-time 		--param large-function-growth=800 --param max-inline-insns-single=3000 		-ffunction-sections -fdata-sections  conftest.c >&5
configure:6539: $? = 0
configure:6543: arm-brcm-linux-uclibcgnueabi-nm conftest.o \| sed -n -e 's/^.*[ ]\([ABCDGIRSTW][ABCDGIRSTW]*\)[ ][ ]*\([_A-Za-z][_A-Za-z0-9]*\)$/\1 \2 \2/p' | sed '/ __gnu_lto/d' \> conftest.nm
configure:6546: $? = 0
configure:6612: arm-brcm-linux-uclibcgnueabi-gcc -o conftest -Os -Wall -fno-delete-null-pointer-checks -funit-at-a-time 		--param large-function-growth=800 --param max-inline-insns-single=3000 		-ffunction-sections -fdata-sections  -ffunction-sections -fdata-sections -Wl,--gc-sections -fPIC 		-L/root/advancedtomat/release/src-rt-6.x.4708/router/zlib -L/root/advancedtomat/release/src-rt-6.x.4708/router/openssl -L/root/advancedtomat/release/src-rt-6.x.4708/router/libcurl/lib/.libs -L/root/advancedtomat/release/src-rt-6.x.4708/router/libevent/.libs conftest.c conftstm.o >&5
configure:6615: $? = 0
configure:6653: result: ok
configure:6700: checking for sysroot
configure:6730: result: no
configure:6737: checking for a working dd
configure:6775: result: /bin/dd
configure:6779: checking how to truncate binary pipes
configure:6794: result: /bin/dd bs=4096 count=1
configure:7083: checking for arm-linux-mt
configure:7113: result: no
configure:7123: checking for mt
configure:7139: found /bin/mt
configure:7150: result: mt
configure:7173: checking if mt is a manifest tool
configure:7179: mt '-?'
configure:7187: result: no
configure:7864: checking how to run the C preprocessor
configure:7895: arm-brcm-linux-uclibcgnueabi-gcc -E  conftest.c
configure:7895: $? = 0
configure:7909: arm-brcm-linux-uclibcgnueabi-gcc -E  conftest.c
conftest.c:11:28: fatal error: ac_nonexistent.h: No such file or directory
compilation terminated.
configure:7909: $? = 1
configure: failed program was:
| /* confdefs.h */
| #define PACKAGE_NAME "transmission"
| #define PACKAGE_TARNAME "transmission"
| #define PACKAGE_VERSION "2.93"
| #define PACKAGE_STRING "transmission 2.93"
| #define PACKAGE_BUGREPORT "https://github.com/transmission/transmission"
| #define PACKAGE_URL ""
| #define PACKAGE "transmission"
| #define VERSION "2.93"
| /* end confdefs.h.  */
| #include <ac_nonexistent.h>
configure:7934: result: arm-brcm-linux-uclibcgnueabi-gcc -E
configure:7954: arm-brcm-linux-uclibcgnueabi-gcc -E  conftest.c
configure:7954: $? = 0
configure:7968: arm-brcm-linux-uclibcgnueabi-gcc -E  conftest.c
conftest.c:11:28: fatal error: ac_nonexistent.h: No such file or directory
compilation terminated.
configure:7968: $? = 1
configure: failed program was:
| /* confdefs.h */
| #define PACKAGE_NAME "transmission"
| #define PACKAGE_TARNAME "transmission"
| #define PACKAGE_VERSION "2.93"
| #define PACKAGE_STRING "transmission 2.93"
| #define PACKAGE_BUGREPORT "https://github.com/transmission/transmission"
| #define PACKAGE_URL ""
| #define PACKAGE "transmission"
| #define VERSION "2.93"
| /* end confdefs.h.  */
| #include <ac_nonexistent.h>
configure:7997: checking for ANSI C header files
configure:8017: arm-brcm-linux-uclibcgnueabi-gcc -c -Os -Wall -fno-delete-null-pointer-checks -funit-at-a-time 		--param large-function-growth=800 --param max-inline-insns-single=3000 		-ffunction-sections -fdata-sections  conftest.c >&5
configure:8017: $? = 0
configure:8101: result: yes
configure:8114: checking for sys/types.h
configure:8114: arm-brcm-linux-uclibcgnueabi-gcc -c -Os -Wall -fno-delete-null-pointer-checks -funit-at-a-time 		--param large-function-growth=800 --param max-inline-insns-single=3000 		-ffunction-sections -fdata-sections  conftest.c >&5
configure:8114: $? = 0
configure:8114: result: yes
configure:8114: checking for sys/stat.h
configure:8114: arm-brcm-linux-uclibcgnueabi-gcc -c -Os -Wall -fno-delete-null-pointer-checks -funit-at-a-time 		--param large-function-growth=800 --param max-inline-insns-single=3000 		-ffunction-sections -fdata-sections  conftest.c >&5
configure:8114: $? = 0
configure:8114: result: yes
configure:8114: checking for stdlib.h
configure:8114: arm-brcm-linux-uclibcgnueabi-gcc -c -Os -Wall -fno-delete-null-pointer-checks -funit-at-a-time 		--param large-function-growth=800 --param max-inline-insns-single=3000 		-ffunction-sections -fdata-sections  conftest.c >&5
configure:8114: $? = 0
configure:8114: result: yes
configure:8114: checking for string.h
configure:8114: arm-brcm-linux-uclibcgnueabi-gcc -c -Os -Wall -fno-delete-null-pointer-checks -funit-at-a-time 		--param large-function-growth=800 --param max-inline-insns-single=3000 		-ffunction-sections -fdata-sections  conftest.c >&5
configure:8114: $? = 0
configure:8114: result: yes
configure:8114: checking for memory.h
configure:8114: arm-brcm-linux-uclibcgnueabi-gcc -c -Os -Wall -fno-delete-null-pointer-checks -funit-at-a-time 		--param large-function-growth=800 --param max-inline-insns-single=3000 		-ffunction-sections -fdata-sections  conftest.c >&5
configure:8114: $? = 0
configure:8114: result: yes
configure:8114: checking for strings.h
configure:8114: arm-brcm-linux-uclibcgnueabi-gcc -c -Os -Wall -fno-delete-null-pointer-checks -funit-at-a-time 		--param large-function-growth=800 --param max-inline-insns-single=3000 		-ffunction-sections -fdata-sections  conftest.c >&5
configure:8114: $? = 0
configure:8114: result: yes
configure:8114: checking for inttypes.h
configure:8114: arm-brcm-linux-uclibcgnueabi-gcc -c -Os -Wall -fno-delete-null-pointer-checks -funit-at-a-time 		--param large-function-growth=800 --param max-inline-insns-single=3000 		-ffunction-sections -fdata-sections  conftest.c >&5
configure:8114: $? = 0
configure:8114: result: yes
configure:8114: checking for stdint.h
configure:8114: arm-brcm-linux-uclibcgnueabi-gcc -c -Os -Wall -fno-delete-null-pointer-checks -funit-at-a-time 		--param large-function-growth=800 --param max-inline-insns-single=3000 		-ffunction-sections -fdata-sections  conftest.c >&5
configure:8114: $? = 0
configure:8114: result: yes
configure:8114: checking for unistd.h
configure:8114: arm-brcm-linux-uclibcgnueabi-gcc -c -Os -Wall -fno-delete-null-pointer-checks -funit-at-a-time 		--param large-function-growth=800 --param max-inline-insns-single=3000 		-ffunction-sections -fdata-sections  conftest.c >&5
configure:8114: $? = 0
configure:8114: result: yes
configure:8128: checking for dlfcn.h
configure:8128: arm-brcm-linux-uclibcgnueabi-gcc -c -Os -Wall -fno-delete-null-pointer-checks -funit-at-a-time 		--param large-function-growth=800 --param max-inline-insns-single=3000 		-ffunction-sections -fdata-sections  conftest.c >&5
configure:8128: $? = 0
configure:8128: result: yes
configure:8384: checking for objdir
configure:8399: result: .libs
configure:8663: checking if arm-brcm-linux-uclibcgnueabi-gcc supports -fno-rtti -fno-exceptions
configure:8681: arm-brcm-linux-uclibcgnueabi-gcc -c -Os -Wall -fno-delete-null-pointer-checks -funit-at-a-time 		--param large-function-growth=800 --param max-inline-insns-single=3000 		-ffunction-sections -fdata-sections  -fno-rtti -fno-exceptions conftest.c >&5
cc1: warning: command line option "-fno-rtti" is valid for C++/ObjC++ but not for C
configure:8685: $? = 0
configure:8698: result: no
configure:9056: checking for arm-brcm-linux-uclibcgnueabi-gcc option to produce PIC
configure:9063: result: -fPIC -DPIC
configure:9071: checking if arm-brcm-linux-uclibcgnueabi-gcc PIC flag -fPIC -DPIC works
configure:9089: arm-brcm-linux-uclibcgnueabi-gcc -c -Os -Wall -fno-delete-null-pointer-checks -funit-at-a-time 		--param large-function-growth=800 --param max-inline-insns-single=3000 		-ffunction-sections -fdata-sections  -fPIC -DPIC -DPIC conftest.c >&5
configure:9093: $? = 0
configure:9106: result: yes
configure:9135: checking if arm-brcm-linux-uclibcgnueabi-gcc static flag -static works
configure:9163: result: yes
configure:9178: checking if arm-brcm-linux-uclibcgnueabi-gcc supports -c -o file.o
configure:9199: arm-brcm-linux-uclibcgnueabi-gcc -c -Os -Wall -fno-delete-null-pointer-checks -funit-at-a-time 		--param large-function-growth=800 --param max-inline-insns-single=3000 		-ffunction-sections -fdata-sections  -o out/conftest2.o conftest.c >&5
configure:9203: $? = 0
configure:9225: result: yes
configure:9233: checking if arm-brcm-linux-uclibcgnueabi-gcc supports -c -o file.o
configure:9280: result: yes
configure:9313: checking whether the arm-brcm-linux-uclibcgnueabi-gcc linker (arm-brcm-linux-uclibcgnueabi-ld) supports shared libraries
configure:10576: result: yes
configure:10613: checking whether -lc should be explicitly linked in
configure:10621: arm-brcm-linux-uclibcgnueabi-gcc -c -Os -Wall -fno-delete-null-pointer-checks -funit-at-a-time 		--param large-function-growth=800 --param max-inline-insns-single=3000 		-ffunction-sections -fdata-sections  conftest.c >&5
configure:10624: $? = 0
configure:10639: arm-brcm-linux-uclibcgnueabi-gcc -shared  -fPIC -DPIC conftest.o  -v -Wl,-soname -Wl,conftest -o conftest 2\>\&1 \| /bin/grep  -lc  \>/dev/null 2\>\&1
configure:10642: $? = 0
configure:10656: result: no
configure:10816: checking dynamic linker characteristics
configure:11397: arm-brcm-linux-uclibcgnueabi-gcc -o conftest -Os -Wall -fno-delete-null-pointer-checks -funit-at-a-time 		--param large-function-growth=800 --param max-inline-insns-single=3000 		-ffunction-sections -fdata-sections  -ffunction-sections -fdata-sections -Wl,--gc-sections -fPIC 		-L/root/advancedtomat/release/src-rt-6.x.4708/router/zlib -L/root/advancedtomat/release/src-rt-6.x.4708/router/openssl -L/root/advancedtomat/release/src-rt-6.x.4708/router/libcurl/lib/.libs -L/root/advancedtomat/release/src-rt-6.x.4708/router/libevent/.libs -Wl,-rpath -Wl,/foo conftest.c  >&5
configure:11397: $? = 0
configure:11646: result: GNU/Linux ld.so
configure:11768: checking how to hardcode library paths into programs
configure:11793: result: immediate
configure:12341: checking whether stripping libraries is possible
configure:12346: result: yes
configure:12381: checking if libtool supports shared libraries
configure:12383: result: yes
configure:12386: checking whether to build shared libraries
configure:12411: result: yes
configure:12414: checking whether to build static libraries
configure:12418: result: yes
configure:12543: checking for cos in -lm
configure:12568: arm-brcm-linux-uclibcgnueabi-gcc -o conftest -Os -Wall -fno-delete-null-pointer-checks -funit-at-a-time 		--param large-function-growth=800 --param max-inline-insns-single=3000 		-ffunction-sections -fdata-sections  -ffunction-sections -fdata-sections -Wl,--gc-sections -fPIC 		-L/root/advancedtomat/release/src-rt-6.x.4708/router/zlib -L/root/advancedtomat/release/src-rt-6.x.4708/router/openssl -L/root/advancedtomat/release/src-rt-6.x.4708/router/libcurl/lib/.libs -L/root/advancedtomat/release/src-rt-6.x.4708/router/libevent/.libs conftest.c -lm   >&5
conftest.c:30:6: warning: conflicting types for built-in function 'cos'
configure:12568: $? = 0
configure:12577: result: yes
configure:12668: checking for arm-linux-gcc
configure:12695: result: arm-brcm-linux-uclibcgnueabi-gcc
configure:12964: checking for C compiler version
configure:12973: arm-brcm-linux-uclibcgnueabi-gcc --version >&5
arm-brcm-linux-uclibcgnueabi-gcc (Buildroot 2012.02) 4.5.3
Copyright (C) 2010 Free Software Foundation, Inc.
This is free software; see the source for copying conditions.  There is NO
warranty; not even for MERCHANTABILITY or FITNESS FOR A PARTICULAR PURPOSE.

configure:12984: $? = 0
configure:12973: arm-brcm-linux-uclibcgnueabi-gcc -v >&5
Using built-in specs.
COLLECT_GCC=arm-brcm-linux-uclibcgnueabi-gcc
COLLECT_LTO_WRAPPER=/root/advancedtomat/release/src-rt-6.x.4708/toolchains/hndtools-arm-linux-2.6.36-uclibc-4.5.3/bin/../libexec/gcc/arm-brcm-linux-uclibcgnueabi/4.5.3/lto-wrapper
Target: arm-brcm-linux-uclibcgnueabi
Configured with: /projects/toolchains_build/buildroot-2012.02-brcm/output/toolchain/gcc-4.5.3/configure --prefix=/projects/hnd/tools/linux/hndtools-arm-linux-2.6.36-uclibc-4.5.3 --build=i686-pc-linux-gnu --host=i686-pc-linux-gnu --target=arm-brcm-linux-uclibcgnueabi --enable-languages=c,c++ --with-sysroot=/projects/hnd/tools/linux/hndtools-arm-linux-2.6.36-uclibc-4.5.3/arm-brcm-linux-uclibcgnueabi/sysroot --with-build-time-tools=/projects/hnd/tools/linux/hndtools-arm-linux-2.6.36-uclibc-4.5.3/arm-brcm-linux-uclibcgnueabi/bin --disable-__cxa_atexit --enable-target-optspace --disable-libgomp --with-gnu-ld --disable-libssp --disable-multilib --disable-tls --enable-shared --with-gmp=/projects/hnd/tools/linux/hndtools-arm-linux-2.6.36-uclibc-4.5.3 --with-mpfr=/projects/hnd/tools/linux/hndtools-arm-linux-2.6.36-uclibc-4.5.3 --with-mpc=/projects/hnd/tools/linux/hndtools-arm-linux-2.6.36-uclibc-4.5.3 --enable-threads --disable-decimal-float --with-float=soft --with-abi=aapcs-linux --with-arch=armv7-a --with-tune=cortex-a9 --with-pkgversion='Buildroot 2012.02' --with-bugurl=http://bugs.buildroot.net/
Thread model: posix
gcc version 4.5.3 (Buildroot 2012.02) 
configure:12984: $? = 0
configure:12973: arm-brcm-linux-uclibcgnueabi-gcc -V >&5
arm-brcm-linux-uclibcgnueabi-gcc: '-V' option must have argument
configure:12984: $? = 1
configure:12973: arm-brcm-linux-uclibcgnueabi-gcc -qversion >&5
arm-brcm-linux-uclibcgnueabi-gcc: unrecognized option '-qversion'
arm-brcm-linux-uclibcgnueabi-gcc: no input files
configure:12984: $? = 1
configure:12988: checking whether we are using the GNU C compiler
configure:13016: result: yes
configure:13025: checking whether arm-brcm-linux-uclibcgnueabi-gcc accepts -g
configure:13086: result: yes
configure:13103: checking for arm-brcm-linux-uclibcgnueabi-gcc option to accept ISO C89
configure:13179: result: none needed
configure:13204: checking whether arm-brcm-linux-uclibcgnueabi-gcc understands -c and -o together
configure:13241: result: yes
configure:13260: checking dependency style of arm-brcm-linux-uclibcgnueabi-gcc
configure:13371: result: gcc3
configure:13400: checking for arm-linux-g++
configure:13416: found /root/advancedtomat/release/src-rt-6.x.4708/toolchains/hndtools-arm-linux-2.6.36-uclibc-4.5.3/bin/arm-linux-g++
configure:13427: result: arm-linux-g++
configure:13498: checking for C++ compiler version
configure:13507: arm-linux-g++ --version >&5
arm-linux-g++ (Buildroot 2012.02) 4.5.3
Copyright (C) 2010 Free Software Foundation, Inc.
This is free software; see the source for copying conditions.  There is NO
warranty; not even for MERCHANTABILITY or FITNESS FOR A PARTICULAR PURPOSE.

configure:13518: $? = 0
configure:13507: arm-linux-g++ -v >&5
Using built-in specs.
COLLECT_GCC=arm-linux-g++
COLLECT_LTO_WRAPPER=/root/advancedtomat/release/src-rt-6.x.4708/toolchains/hndtools-arm-linux-2.6.36-uclibc-4.5.3/bin/../libexec/gcc/arm-brcm-linux-uclibcgnueabi/4.5.3/lto-wrapper
Target: arm-brcm-linux-uclibcgnueabi
Configured with: /projects/toolchains_build/buildroot-2012.02-brcm/output/toolchain/gcc-4.5.3/configure --prefix=/projects/hnd/tools/linux/hndtools-arm-linux-2.6.36-uclibc-4.5.3 --build=i686-pc-linux-gnu --host=i686-pc-linux-gnu --target=arm-brcm-linux-uclibcgnueabi --enable-languages=c,c++ --with-sysroot=/projects/hnd/tools/linux/hndtools-arm-linux-2.6.36-uclibc-4.5.3/arm-brcm-linux-uclibcgnueabi/sysroot --with-build-time-tools=/projects/hnd/tools/linux/hndtools-arm-linux-2.6.36-uclibc-4.5.3/arm-brcm-linux-uclibcgnueabi/bin --disable-__cxa_atexit --enable-target-optspace --disable-libgomp --with-gnu-ld --disable-libssp --disable-multilib --disable-tls --enable-shared --with-gmp=/projects/hnd/tools/linux/hndtools-arm-linux-2.6.36-uclibc-4.5.3 --with-mpfr=/projects/hnd/tools/linux/hndtools-arm-linux-2.6.36-uclibc-4.5.3 --with-mpc=/projects/hnd/tools/linux/hndtools-arm-linux-2.6.36-uclibc-4.5.3 --enable-threads --disable-decimal-float --with-float=soft --with-abi=aapcs-linux --with-arch=armv7-a --with-tune=cortex-a9 --with-pkgversion='Buildroot 2012.02' --with-bugurl=http://bugs.buildroot.net/
Thread model: posix
gcc version 4.5.3 (Buildroot 2012.02) 
configure:13518: $? = 0
configure:13507: arm-linux-g++ -V >&5
arm-linux-g++: '-V' option must have argument
configure:13518: $? = 1
configure:13507: arm-linux-g++ -qversion >&5
arm-linux-g++: unrecognized option '-qversion'
arm-linux-g++: no input files
configure:13518: $? = 1
configure:13522: checking whether we are using the GNU C++ compiler
configure:13541: arm-linux-g++ -c   -DNDEBUG conftest.cpp >&5
configure:13541: $? = 0
configure:13550: result: yes
configure:13559: checking whether arm-linux-g++ accepts -g
configure:13579: arm-linux-g++ -c -g  -DNDEBUG conftest.cpp >&5
configure:13579: $? = 0
configure:13620: result: yes
configure:13645: checking dependency style of arm-linux-g++
configure:13756: result: gcc3
configure:13789: checking how to run the C++ preprocessor
configure:13816: arm-linux-g++ -E  -DNDEBUG conftest.cpp
configure:13816: $? = 0
configure:13830: arm-linux-g++ -E  -DNDEBUG conftest.cpp
conftest.cpp:23:28: fatal error: ac_nonexistent.h: No such file or directory
compilation terminated.
configure:13830: $? = 1
configure: failed program was:
| /* confdefs.h */
| #define PACKAGE_NAME "transmission"
| #define PACKAGE_TARNAME "transmission"
| #define PACKAGE_VERSION "2.93"
| #define PACKAGE_STRING "transmission 2.93"
| #define PACKAGE_BUGREPORT "https://github.com/transmission/transmission"
| #define PACKAGE_URL ""
| #define PACKAGE "transmission"
| #define VERSION "2.93"
| #define STDC_HEADERS 1
| #define HAVE_SYS_TYPES_H 1
| #define HAVE_SYS_STAT_H 1
| #define HAVE_STDLIB_H 1
| #define HAVE_STRING_H 1
| #define HAVE_MEMORY_H 1
| #define HAVE_STRINGS_H 1
| #define HAVE_INTTYPES_H 1
| #define HAVE_STDINT_H 1
| #define HAVE_UNISTD_H 1
| #define HAVE_DLFCN_H 1
| #define LT_OBJDIR ".libs/"
| /* end confdefs.h.  */
| #include <ac_nonexistent.h>
configure:13855: result: arm-linux-g++ -E
configure:13875: arm-linux-g++ -E  -DNDEBUG conftest.cpp
configure:13875: $? = 0
configure:13889: arm-linux-g++ -E  -DNDEBUG conftest.cpp
conftest.cpp:23:28: fatal error: ac_nonexistent.h: No such file or directory
compilation terminated.
configure:13889: $? = 1
configure: failed program was:
| /* confdefs.h */
| #define PACKAGE_NAME "transmission"
| #define PACKAGE_TARNAME "transmission"
| #define PACKAGE_VERSION "2.93"
| #define PACKAGE_STRING "transmission 2.93"
| #define PACKAGE_BUGREPORT "https://github.com/transmission/transmission"
| #define PACKAGE_URL ""
| #define PACKAGE "transmission"
| #define VERSION "2.93"
| #define STDC_HEADERS 1
| #define HAVE_SYS_TYPES_H 1
| #define HAVE_SYS_STAT_H 1
| #define HAVE_STDLIB_H 1
| #define HAVE_STRING_H 1
| #define HAVE_MEMORY_H 1
| #define HAVE_STRINGS_H 1
| #define HAVE_INTTYPES_H 1
| #define HAVE_STDINT_H 1
| #define HAVE_UNISTD_H 1
| #define HAVE_DLFCN_H 1
| #define LT_OBJDIR ".libs/"
| /* end confdefs.h.  */
| #include <ac_nonexistent.h>
configure:14051: checking for ld used by arm-linux-g++
configure:14118: result: arm-brcm-linux-uclibcgnueabi-ld
configure:14125: checking if the linker (arm-brcm-linux-uclibcgnueabi-ld) is GNU ld
configure:14140: result: yes
configure:14195: checking whether the arm-linux-g++ linker (arm-brcm-linux-uclibcgnueabi-ld) supports shared libraries
configure:15268: result: yes
configure:15304: arm-linux-g++ -c -g -O2  -DNDEBUG conftest.cpp >&5
configure:15307: $? = 0
configure:15788: checking for arm-linux-g++ option to produce PIC
configure:15795: result: -fPIC -DPIC
configure:15803: checking if arm-linux-g++ PIC flag -fPIC -DPIC works
configure:15821: arm-linux-g++ -c -g -O2  -DNDEBUG -fPIC -DPIC -DPIC conftest.cpp >&5
configure:15825: $? = 0
configure:15838: result: yes
configure:15861: checking if arm-linux-g++ static flag -static works
configure:15889: result: yes
configure:15901: checking if arm-linux-g++ supports -c -o file.o
configure:15922: arm-linux-g++ -c -g -O2  -DNDEBUG -o out/conftest2.o conftest.cpp >&5
configure:15926: $? = 0
configure:15948: result: yes
configure:15953: checking if arm-linux-g++ supports -c -o file.o
configure:16000: result: yes
configure:16030: checking whether the arm-linux-g++ linker (arm-brcm-linux-uclibcgnueabi-ld) supports shared libraries
configure:16073: result: yes
configure:16214: checking dynamic linker characteristics
configure:16971: result: GNU/Linux ld.so
configure:17036: checking how to hardcode library paths into programs
configure:17061: result: immediate
configure:17101: checking for inline
configure:17117: arm-brcm-linux-uclibcgnueabi-gcc -c -Os -Wall -fno-delete-null-pointer-checks -funit-at-a-time 		--param large-function-growth=800 --param max-inline-insns-single=3000 		-ffunction-sections -fdata-sections  -DNDEBUG conftest.c >&5
configure:17117: $? = 0
configure:17125: result: inline
configure:17147: checking gcc version
configure:17154: result: 4.5.3
configure:17164: checking for ANSI C header files
configure:17268: result: yes
configure:17276: checking whether time.h and sys/time.h may both be included
configure:17296: arm-brcm-linux-uclibcgnueabi-gcc -c -Os -Wall -fno-delete-null-pointer-checks -funit-at-a-time 		--param large-function-growth=800 --param max-inline-insns-single=3000 		-ffunction-sections -fdata-sections -std=gnu99 -ggdb3 -Wall -W -Wpointer-arith -Wformat-security -Wundef -Wcast-align -Wstrict-prototypes -Wmissing-declarations -Wmissing-format-attribute -Wredundant-decls -Wnested-externs -Wunused-parameter -Wwrite-strings -Winline -Wfloat-equal -Wextra -Winit-self -Wvariadic-macros  -DNDEBUG conftest.c >&5
conftest.c:29:1: warning: function declaration isn't a prototype
configure:17296: $? = 0
configure:17303: result: yes
configure:17315: checking stdbool.h usability
configure:17315: arm-brcm-linux-uclibcgnueabi-gcc -c -Os -Wall -fno-delete-null-pointer-checks -funit-at-a-time 		--param large-function-growth=800 --param max-inline-insns-single=3000 		-ffunction-sections -fdata-sections -std=gnu99 -ggdb3 -Wall -W -Wpointer-arith -Wformat-security -Wundef -Wcast-align -Wstrict-prototypes -Wmissing-declarations -Wmissing-format-attribute -Wredundant-decls -Wnested-externs -Wunused-parameter -Wwrite-strings -Winline -Wfloat-equal -Wextra -Winit-self -Wvariadic-macros  -DNDEBUG conftest.c >&5
configure:17315: $? = 0
configure:17315: result: yes
configure:17315: checking stdbool.h presence
configure:17315: arm-brcm-linux-uclibcgnueabi-gcc -E  -DNDEBUG conftest.c
configure:17315: $? = 0
configure:17315: result: yes
configure:17315: checking for stdbool.h
configure:17315: result: yes
configure:17315: checking xlocale.h usability
configure:17315: arm-brcm-linux-uclibcgnueabi-gcc -c -Os -Wall -fno-delete-null-pointer-checks -funit-at-a-time 		--param large-function-growth=800 --param max-inline-insns-single=3000 		-ffunction-sections -fdata-sections -std=gnu99 -ggdb3 -Wall -W -Wpointer-arith -Wformat-security -Wundef -Wcast-align -Wstrict-prototypes -Wmissing-declarations -Wmissing-format-attribute -Wredundant-decls -Wnested-externs -Wunused-parameter -Wwrite-strings -Winline -Wfloat-equal -Wextra -Winit-self -Wvariadic-macros  -DNDEBUG conftest.c >&5
configure:17315: $? = 0
configure:17315: result: yes
configure:17315: checking xlocale.h presence
configure:17315: arm-brcm-linux-uclibcgnueabi-gcc -E  -DNDEBUG conftest.c
configure:17315: $? = 0
configure:17315: result: yes
configure:17315: checking for xlocale.h
configure:17315: result: yes
configure:17328: checking for iconv
configure:17328: arm-brcm-linux-uclibcgnueabi-gcc -o conftest -Os -Wall -fno-delete-null-pointer-checks -funit-at-a-time 		--param large-function-growth=800 --param max-inline-insns-single=3000 		-ffunction-sections -fdata-sections -std=gnu99 -ggdb3 -Wall -W -Wpointer-arith -Wformat-security -Wundef -Wcast-align -Wstrict-prototypes -Wmissing-declarations -Wmissing-format-attribute -Wredundant-decls -Wnested-externs -Wunused-parameter -Wwrite-strings -Winline -Wfloat-equal -Wextra -Winit-self -Wvariadic-macros  -DNDEBUG -ffunction-sections -fdata-sections -Wl,--gc-sections -fPIC 		-L/root/advancedtomat/release/src-rt-6.x.4708/router/zlib -L/root/advancedtomat/release/src-rt-6.x.4708/router/openssl -L/root/advancedtomat/release/src-rt-6.x.4708/router/libcurl/lib/.libs -L/root/advancedtomat/release/src-rt-6.x.4708/router/libevent/.libs conftest.c  >&5
conftest.c:50:1: warning: function declaration isn't a prototype
conftest.c:59:1: warning: function declaration isn't a prototype
configure:17328: $? = 0
configure:17328: result: yes
configure:17328: checking for pread
configure:17328: arm-brcm-linux-uclibcgnueabi-gcc -o conftest -Os -Wall -fno-delete-null-pointer-checks -funit-at-a-time 		--param large-function-growth=800 --param max-inline-insns-single=3000 		-ffunction-sections -fdata-sections -std=gnu99 -ggdb3 -Wall -W -Wpointer-arith -Wformat-security -Wundef -Wcast-align -Wstrict-prototypes -Wmissing-declarations -Wmissing-format-attribute -Wredundant-decls -Wnested-externs -Wunused-parameter -Wwrite-strings -Winline -Wfloat-equal -Wextra -Winit-self -Wvariadic-macros  -DNDEBUG -ffunction-sections -fdata-sections -Wl,--gc-sections -fPIC 		-L/root/advancedtomat/release/src-rt-6.x.4708/router/zlib -L/root/advancedtomat/release/src-rt-6.x.4708/router/openssl -L/root/advancedtomat/release/src-rt-6.x.4708/router/libcurl/lib/.libs -L/root/advancedtomat/release/src-rt-6.x.4708/router/libevent/.libs conftest.c  >&5
conftest.c:51:1: warning: function declaration isn't a prototype
conftest.c:60:1: warning: function declaration isn't a prototype
configure:17328: $? = 0
configure:17328: result: yes
configure:17328: checking for pwrite
configure:17328: arm-brcm-linux-uclibcgnueabi-gcc -o conftest -Os -Wall -fno-delete-null-pointer-checks -funit-at-a-time 		--param large-function-growth=800 --param max-inline-insns-single=3000 		-ffunction-sections -fdata-sections -std=gnu99 -ggdb3 -Wall -W -Wpointer-arith -Wformat-security -Wundef -Wcast-align -Wstrict-prototypes -Wmissing-declarations -Wmissing-format-attribute -Wredundant-decls -Wnested-externs -Wunused-parameter -Wwrite-strings -Winline -Wfloat-equal -Wextra -Winit-self -Wvariadic-macros  -DNDEBUG -ffunction-sections -fdata-sections -Wl,--gc-sections -fPIC 		-L/root/advancedtomat/release/src-rt-6.x.4708/router/zlib -L/root/advancedtomat/release/src-rt-6.x.4708/router/openssl -L/root/advancedtomat/release/src-rt-6.x.4708/router/libcurl/lib/.libs -L/root/advancedtomat/release/src-rt-6.x.4708/router/libevent/.libs conftest.c  >&5
conftest.c:52:1: warning: function declaration isn't a prototype
conftest.c:61:1: warning: function declaration isn't a prototype
configure:17328: $? = 0
configure:17328: result: yes
configure:17328: checking for lrintf
configure:17328: arm-brcm-linux-uclibcgnueabi-gcc -o conftest -Os -Wall -fno-delete-null-pointer-checks -funit-at-a-time 		--param large-function-growth=800 --param max-inline-insns-single=3000 		-ffunction-sections -fdata-sections -std=gnu99 -ggdb3 -Wall -W -Wpointer-arith -Wformat-security -Wundef -Wcast-align -Wstrict-prototypes -Wmissing-declarations -Wmissing-format-attribute -Wredundant-decls -Wnested-externs -Wunused-parameter -Wwrite-strings -Winline -Wfloat-equal -Wextra -Winit-self -Wvariadic-macros  -DNDEBUG -ffunction-sections -fdata-sections -Wl,--gc-sections -fPIC 		-L/root/advancedtomat/release/src-rt-6.x.4708/router/zlib -L/root/advancedtomat/release/src-rt-6.x.4708/router/openssl -L/root/advancedtomat/release/src-rt-6.x.4708/router/libcurl/lib/.libs -L/root/advancedtomat/release/src-rt-6.x.4708/router/libevent/.libs conftest.c  >&5
conftest.c:53:1: warning: function declaration isn't a prototype
conftest.c:53:6: warning: conflicting types for built-in function 'lrintf'
conftest.c:62:1: warning: function declaration isn't a prototype
/tmp/ccAYv1zA.o: In function `main':
/root/advancedtomat/release/src-rt-6.x.4708/router/transmission/conftest.c:64: undefined reference to `lrintf'
collect2: ld returned 1 exit status
configure:17328: $? = 1
configure: failed program was:
| /* confdefs.h */
| #define PACKAGE_NAME "transmission"
| #define PACKAGE_TARNAME "transmission"
| #define PACKAGE_VERSION "2.93"
| #define PACKAGE_STRING "transmission 2.93"
| #define PACKAGE_BUGREPORT "https://github.com/transmission/transmission"
| #define PACKAGE_URL ""
| #define PACKAGE "transmission"
| #define VERSION "2.93"
| #define STDC_HEADERS 1
| #define HAVE_SYS_TYPES_H 1
| #define HAVE_SYS_STAT_H 1
| #define HAVE_STDLIB_H 1
| #define HAVE_STRING_H 1
| #define HAVE_MEMORY_H 1
| #define HAVE_STRINGS_H 1
| #define HAVE_INTTYPES_H 1
| #define HAVE_STDINT_H 1
| #define HAVE_UNISTD_H 1
| #define HAVE_DLFCN_H 1
| #define LT_OBJDIR ".libs/"
| #define STDC_HEADERS 1
| #define TIME_WITH_SYS_TIME 1
| #define HAVE_STDBOOL_H 1
| #define HAVE_XLOCALE_H 1
| #define HAVE_ICONV 1
| #define HAVE_PREAD 1
| #define HAVE_PWRITE 1
| /* end confdefs.h.  */
| /* Define lrintf to an innocuous variant, in case <limits.h> declares lrintf.
|    For example, HP-UX 11i <limits.h> declares gettimeofday.  */
| #define lrintf innocuous_lrintf
| 
| /* System header to define __stub macros and hopefully few prototypes,
|     which can conflict with char lrintf (); below.
|     Prefer <limits.h> to <assert.h> if __STDC__ is defined, since
|     <limits.h> exists even on freestanding compilers.  */
| 
| #ifdef __STDC__
| # include <limits.h>
| #else
| # include <assert.h>
| #endif
| 
| #undef lrintf
| 
| /* Override any GCC internal prototype to avoid an error.
|    Use char because int might match the return type of a GCC
|    builtin and then its argument prototype would still apply.  */
| #ifdef __cplusplus
| extern "C"
| #endif
| char lrintf ();
| /* The GNU C library defines this for functions which it implements
|     to always fail with ENOSYS.  Some functions are actually named
|     something starting with __ and the normal name is an alias.  */
| #if defined __stub_lrintf || defined __stub___lrintf
| choke me
| #endif
| 
| int
| main ()
| {
| return lrintf ();
|   ;
|   return 0;
| }
configure:17328: result: no
configure:17328: checking for strlcpy
configure:17328: arm-brcm-linux-uclibcgnueabi-gcc -o conftest -Os -Wall -fno-delete-null-pointer-checks -funit-at-a-time 		--param large-function-growth=800 --param max-inline-insns-single=3000 		-ffunction-sections -fdata-sections -std=gnu99 -ggdb3 -Wall -W -Wpointer-arith -Wformat-security -Wundef -Wcast-align -Wstrict-prototypes -Wmissing-declarations -Wmissing-format-attribute -Wredundant-decls -Wnested-externs -Wunused-parameter -Wwrite-strings -Winline -Wfloat-equal -Wextra -Winit-self -Wvariadic-macros  -DNDEBUG -ffunction-sections -fdata-sections -Wl,--gc-sections -fPIC 		-L/root/advancedtomat/release/src-rt-6.x.4708/router/zlib -L/root/advancedtomat/release/src-rt-6.x.4708/router/openssl -L/root/advancedtomat/release/src-rt-6.x.4708/router/libcurl/lib/.libs -L/root/advancedtomat/release/src-rt-6.x.4708/router/libevent/.libs conftest.c  >&5
conftest.c:53:1: warning: function declaration isn't a prototype
conftest.c:62:1: warning: function declaration isn't a prototype
configure:17328: $? = 0
configure:17328: result: yes
configure:17328: checking for daemon
configure:17328: arm-brcm-linux-uclibcgnueabi-gcc -o conftest -Os -Wall -fno-delete-null-pointer-checks -funit-at-a-time 		--param large-function-growth=800 --param max-inline-insns-single=3000 		-ffunction-sections -fdata-sections -std=gnu99 -ggdb3 -Wall -W -Wpointer-arith -Wformat-security -Wundef -Wcast-align -Wstrict-prototypes -Wmissing-declarations -Wmissing-format-attribute -Wredundant-decls -Wnested-externs -Wunused-parameter -Wwrite-strings -Winline -Wfloat-equal -Wextra -Winit-self -Wvariadic-macros  -DNDEBUG -ffunction-sections -fdata-sections -Wl,--gc-sections -fPIC 		-L/root/advancedtomat/release/src-rt-6.x.4708/router/zlib -L/root/advancedtomat/release/src-rt-6.x.4708/router/openssl -L/root/advancedtomat/release/src-rt-6.x.4708/router/libcurl/lib/.libs -L/root/advancedtomat/release/src-rt-6.x.4708/router/libevent/.libs conftest.c  >&5
conftest.c:54:1: warning: function declaration isn't a prototype
conftest.c:63:1: warning: function declaration isn't a prototype
configure:17328: $? = 0
configure:17328: result: yes
configure:17328: checking for dirname
configure:17328: arm-brcm-linux-uclibcgnueabi-gcc -o conftest -Os -Wall -fno-delete-null-pointer-checks -funit-at-a-time 		--param large-function-growth=800 --param max-inline-insns-single=3000 		-ffunction-sections -fdata-sections -std=gnu99 -ggdb3 -Wall -W -Wpointer-arith -Wformat-security -Wundef -Wcast-align -Wstrict-prototypes -Wmissing-declarations -Wmissing-format-attribute -Wredundant-decls -Wnested-externs -Wunused-parameter -Wwrite-strings -Winline -Wfloat-equal -Wextra -Winit-self -Wvariadic-macros  -DNDEBUG -ffunction-sections -fdata-sections -Wl,--gc-sections -fPIC 		-L/root/advancedtomat/release/src-rt-6.x.4708/router/zlib -L/root/advancedtomat/release/src-rt-6.x.4708/router/openssl -L/root/advancedtomat/release/src-rt-6.x.4708/router/libcurl/lib/.libs -L/root/advancedtomat/release/src-rt-6.x.4708/router/libevent/.libs conftest.c  >&5
conftest.c:55:1: warning: function declaration isn't a prototype
conftest.c:64:1: warning: function declaration isn't a prototype
configure:17328: $? = 0
configure:17328: result: yes
configure:17328: checking for basename
configure:17328: arm-brcm-linux-uclibcgnueabi-gcc -o conftest -Os -Wall -fno-delete-null-pointer-checks -funit-at-a-time 		--param large-function-growth=800 --param max-inline-insns-single=3000 		-ffunction-sections -fdata-sections -std=gnu99 -ggdb3 -Wall -W -Wpointer-arith -Wformat-security -Wundef -Wcast-align -Wstrict-prototypes -Wmissing-declarations -Wmissing-format-attribute -Wredundant-decls -Wnested-externs -Wunused-parameter -Wwrite-strings -Winline -Wfloat-equal -Wextra -Winit-self -Wvariadic-macros  -DNDEBUG -ffunction-sections -fdata-sections -Wl,--gc-sections -fPIC 		-L/root/advancedtomat/release/src-rt-6.x.4708/router/zlib -L/root/advancedtomat/release/src-rt-6.x.4708/router/openssl -L/root/advancedtomat/release/src-rt-6.x.4708/router/libcurl/lib/.libs -L/root/advancedtomat/release/src-rt-6.x.4708/router/libevent/.libs conftest.c  >&5
conftest.c:56:1: warning: function declaration isn't a prototype
conftest.c:65:1: warning: function declaration isn't a prototype
configure:17328: $? = 0
configure:17328: result: yes
configure:17328: checking for canonicalize_file_name
configure:17328: arm-brcm-linux-uclibcgnueabi-gcc -o conftest -Os -Wall -fno-delete-null-pointer-checks -funit-at-a-time 		--param large-function-growth=800 --param max-inline-insns-single=3000 		-ffunction-sections -fdata-sections -std=gnu99 -ggdb3 -Wall -W -Wpointer-arith -Wformat-security -Wundef -Wcast-align -Wstrict-prototypes -Wmissing-declarations -Wmissing-format-attribute -Wredundant-decls -Wnested-externs -Wunused-parameter -Wwrite-strings -Winline -Wfloat-equal -Wextra -Winit-self -Wvariadic-macros  -DNDEBUG -ffunction-sections -fdata-sections -Wl,--gc-sections -fPIC 		-L/root/advancedtomat/release/src-rt-6.x.4708/router/zlib -L/root/advancedtomat/release/src-rt-6.x.4708/router/openssl -L/root/advancedtomat/release/src-rt-6.x.4708/router/libcurl/lib/.libs -L/root/advancedtomat/release/src-rt-6.x.4708/router/libevent/.libs conftest.c  >&5
conftest.c:57:1: warning: function declaration isn't a prototype
conftest.c:66:1: warning: function declaration isn't a prototype
configure:17328: $? = 0
configure:17328: result: yes
configure:17328: checking for strcasecmp
configure:17328: arm-brcm-linux-uclibcgnueabi-gcc -o conftest -Os -Wall -fno-delete-null-pointer-checks -funit-at-a-time 		--param large-function-growth=800 --param max-inline-insns-single=3000 		-ffunction-sections -fdata-sections -std=gnu99 -ggdb3 -Wall -W -Wpointer-arith -Wformat-security -Wundef -Wcast-align -Wstrict-prototypes -Wmissing-declarations -Wmissing-format-attribute -Wredundant-decls -Wnested-externs -Wunused-parameter -Wwrite-strings -Winline -Wfloat-equal -Wextra -Winit-self -Wvariadic-macros  -DNDEBUG -ffunction-sections -fdata-sections -Wl,--gc-sections -fPIC 		-L/root/advancedtomat/release/src-rt-6.x.4708/router/zlib -L/root/advancedtomat/release/src-rt-6.x.4708/router/openssl -L/root/advancedtomat/release/src-rt-6.x.4708/router/libcurl/lib/.libs -L/root/advancedtomat/release/src-rt-6.x.4708/router/libevent/.libs conftest.c  >&5
conftest.c:58:1: warning: function declaration isn't a prototype
conftest.c:58:6: warning: conflicting types for built-in function 'strcasecmp'
conftest.c:67:1: warning: function declaration isn't a prototype
configure:17328: $? = 0
configure:17328: result: yes
configure:17328: checking for localtime_r
configure:17328: arm-brcm-linux-uclibcgnueabi-gcc -o conftest -Os -Wall -fno-delete-null-pointer-checks -funit-at-a-time 		--param large-function-growth=800 --param max-inline-insns-single=3000 		-ffunction-sections -fdata-sections -std=gnu99 -ggdb3 -Wall -W -Wpointer-arith -Wformat-security -Wundef -Wcast-align -Wstrict-prototypes -Wmissing-declarations -Wmissing-format-attribute -Wredundant-decls -Wnested-externs -Wunused-parameter -Wwrite-strings -Winline -Wfloat-equal -Wextra -Winit-self -Wvariadic-macros  -DNDEBUG -ffunction-sections -fdata-sections -Wl,--gc-sections -fPIC 		-L/root/advancedtomat/release/src-rt-6.x.4708/router/zlib -L/root/advancedtomat/release/src-rt-6.x.4708/router/openssl -L/root/advancedtomat/release/src-rt-6.x.4708/router/libcurl/lib/.libs -L/root/advancedtomat/release/src-rt-6.x.4708/router/libevent/.libs conftest.c  >&5
conftest.c:59:1: warning: function declaration isn't a prototype
conftest.c:68:1: warning: function declaration isn't a prototype
configure:17328: $? = 0
configure:17328: result: yes
configure:17328: checking for fallocate64
configure:17328: arm-brcm-linux-uclibcgnueabi-gcc -o conftest -Os -Wall -fno-delete-null-pointer-checks -funit-at-a-time 		--param large-function-growth=800 --param max-inline-insns-single=3000 		-ffunction-sections -fdata-sections -std=gnu99 -ggdb3 -Wall -W -Wpointer-arith -Wformat-security -Wundef -Wcast-align -Wstrict-prototypes -Wmissing-declarations -Wmissing-format-attribute -Wredundant-decls -Wnested-externs -Wunused-parameter -Wwrite-strings -Winline -Wfloat-equal -Wextra -Winit-self -Wvariadic-macros  -DNDEBUG -ffunction-sections -fdata-sections -Wl,--gc-sections -fPIC 		-L/root/advancedtomat/release/src-rt-6.x.4708/router/zlib -L/root/advancedtomat/release/src-rt-6.x.4708/router/openssl -L/root/advancedtomat/release/src-rt-6.x.4708/router/libcurl/lib/.libs -L/root/advancedtomat/release/src-rt-6.x.4708/router/libevent/.libs conftest.c  >&5
conftest.c:60:1: warning: function declaration isn't a prototype
conftest.c:69:1: warning: function declaration isn't a prototype
/tmp/cc2dWhWx.o: In function `main':
/root/advancedtomat/release/src-rt-6.x.4708/router/transmission/conftest.c:71: undefined reference to `fallocate64'
collect2: ld returned 1 exit status
configure:17328: $? = 1
configure: failed program was:
| /* confdefs.h */
| #define PACKAGE_NAME "transmission"
| #define PACKAGE_TARNAME "transmission"
| #define PACKAGE_VERSION "2.93"
| #define PACKAGE_STRING "transmission 2.93"
| #define PACKAGE_BUGREPORT "https://github.com/transmission/transmission"
| #define PACKAGE_URL ""
| #define PACKAGE "transmission"
| #define VERSION "2.93"
| #define STDC_HEADERS 1
| #define HAVE_SYS_TYPES_H 1
| #define HAVE_SYS_STAT_H 1
| #define HAVE_STDLIB_H 1
| #define HAVE_STRING_H 1
| #define HAVE_MEMORY_H 1
| #define HAVE_STRINGS_H 1
| #define HAVE_INTTYPES_H 1
| #define HAVE_STDINT_H 1
| #define HAVE_UNISTD_H 1
| #define HAVE_DLFCN_H 1
| #define LT_OBJDIR ".libs/"
| #define STDC_HEADERS 1
| #define TIME_WITH_SYS_TIME 1
| #define HAVE_STDBOOL_H 1
| #define HAVE_XLOCALE_H 1
| #define HAVE_ICONV 1
| #define HAVE_PREAD 1
| #define HAVE_PWRITE 1
| #define HAVE_STRLCPY 1
| #define HAVE_DAEMON 1
| #define HAVE_DIRNAME 1
| #define HAVE_BASENAME 1
| #define HAVE_CANONICALIZE_FILE_NAME 1
| #define HAVE_STRCASECMP 1
| #define HAVE_LOCALTIME_R 1
| /* end confdefs.h.  */
| /* Define fallocate64 to an innocuous variant, in case <limits.h> declares fallocate64.
|    For example, HP-UX 11i <limits.h> declares gettimeofday.  */
| #define fallocate64 innocuous_fallocate64
| 
| /* System header to define __stub macros and hopefully few prototypes,
|     which can conflict with char fallocate64 (); below.
|     Prefer <limits.h> to <assert.h> if __STDC__ is defined, since
|     <limits.h> exists even on freestanding compilers.  */
| 
| #ifdef __STDC__
| # include <limits.h>
| #else
| # include <assert.h>
| #endif
| 
| #undef fallocate64
| 
| /* Override any GCC internal prototype to avoid an error.
|    Use char because int might match the return type of a GCC
|    builtin and then its argument prototype would still apply.  */
| #ifdef __cplusplus
| extern "C"
| #endif
| char fallocate64 ();
| /* The GNU C library defines this for functions which it implements
|     to always fail with ENOSYS.  Some functions are actually named
|     something starting with __ and the normal name is an alias.  */
| #if defined __stub_fallocate64 || defined __stub___fallocate64
| choke me
| #endif
| 
| int
| main ()
| {
| return fallocate64 ();
|   ;
|   return 0;
| }
configure:17328: result: no
configure:17328: checking for posix_fallocate
configure:17328: arm-brcm-linux-uclibcgnueabi-gcc -o conftest -Os -Wall -fno-delete-null-pointer-checks -funit-at-a-time 		--param large-function-growth=800 --param max-inline-insns-single=3000 		-ffunction-sections -fdata-sections -std=gnu99 -ggdb3 -Wall -W -Wpointer-arith -Wformat-security -Wundef -Wcast-align -Wstrict-prototypes -Wmissing-declarations -Wmissing-format-attribute -Wredundant-decls -Wnested-externs -Wunused-parameter -Wwrite-strings -Winline -Wfloat-equal -Wextra -Winit-self -Wvariadic-macros  -DNDEBUG -ffunction-sections -fdata-sections -Wl,--gc-sections -fPIC 		-L/root/advancedtomat/release/src-rt-6.x.4708/router/zlib -L/root/advancedtomat/release/src-rt-6.x.4708/router/openssl -L/root/advancedtomat/release/src-rt-6.x.4708/router/libcurl/lib/.libs -L/root/advancedtomat/release/src-rt-6.x.4708/router/libevent/.libs conftest.c  >&5
conftest.c:60:1: warning: function declaration isn't a prototype
conftest.c:69:1: warning: function declaration isn't a prototype
/tmp/ccYdeBLK.o: In function `main':
/root/advancedtomat/release/src-rt-6.x.4708/router/transmission/conftest.c:71: undefined reference to `posix_fallocate'
collect2: ld returned 1 exit status
configure:17328: $? = 1
configure: failed program was:
| /* confdefs.h */
| #define PACKAGE_NAME "transmission"
| #define PACKAGE_TARNAME "transmission"
| #define PACKAGE_VERSION "2.93"
| #define PACKAGE_STRING "transmission 2.93"
| #define PACKAGE_BUGREPORT "https://github.com/transmission/transmission"
| #define PACKAGE_URL ""
| #define PACKAGE "transmission"
| #define VERSION "2.93"
| #define STDC_HEADERS 1
| #define HAVE_SYS_TYPES_H 1
| #define HAVE_SYS_STAT_H 1
| #define HAVE_STDLIB_H 1
| #define HAVE_STRING_H 1
| #define HAVE_MEMORY_H 1
| #define HAVE_STRINGS_H 1
| #define HAVE_INTTYPES_H 1
| #define HAVE_STDINT_H 1
| #define HAVE_UNISTD_H 1
| #define HAVE_DLFCN_H 1
| #define LT_OBJDIR ".libs/"
| #define STDC_HEADERS 1
| #define TIME_WITH_SYS_TIME 1
| #define HAVE_STDBOOL_H 1
| #define HAVE_XLOCALE_H 1
| #define HAVE_ICONV 1
| #define HAVE_PREAD 1
| #define HAVE_PWRITE 1
| #define HAVE_STRLCPY 1
| #define HAVE_DAEMON 1
| #define HAVE_DIRNAME 1
| #define HAVE_BASENAME 1
| #define HAVE_CANONICALIZE_FILE_NAME 1
| #define HAVE_STRCASECMP 1
| #define HAVE_LOCALTIME_R 1
| /* end confdefs.h.  */
| /* Define posix_fallocate to an innocuous variant, in case <limits.h> declares posix_fallocate.
|    For example, HP-UX 11i <limits.h> declares gettimeofday.  */
| #define posix_fallocate innocuous_posix_fallocate
| 
| /* System header to define __stub macros and hopefully few prototypes,
|     which can conflict with char posix_fallocate (); below.
|     Prefer <limits.h> to <assert.h> if __STDC__ is defined, since
|     <limits.h> exists even on freestanding compilers.  */
| 
| #ifdef __STDC__
| # include <limits.h>
| #else
| # include <assert.h>
| #endif
| 
| #undef posix_fallocate
| 
| /* Override any GCC internal prototype to avoid an error.
|    Use char because int might match the return type of a GCC
|    builtin and then its argument prototype would still apply.  */
| #ifdef __cplusplus
| extern "C"
| #endif
| char posix_fallocate ();
| /* The GNU C library defines this for functions which it implements
|     to always fail with ENOSYS.  Some functions are actually named
|     something starting with __ and the normal name is an alias.  */
| #if defined __stub_posix_fallocate || defined __stub___posix_fallocate
| choke me
| #endif
| 
| int
| main ()
| {
| return posix_fallocate ();
|   ;
|   return 0;
| }
configure:17328: result: no
configure:17328: checking for memmem
configure:17328: arm-brcm-linux-uclibcgnueabi-gcc -o conftest -Os -Wall -fno-delete-null-pointer-checks -funit-at-a-time 		--param large-function-growth=800 --param max-inline-insns-single=3000 		-ffunction-sections -fdata-sections -std=gnu99 -ggdb3 -Wall -W -Wpointer-arith -Wformat-security -Wundef -Wcast-align -Wstrict-prototypes -Wmissing-declarations -Wmissing-format-attribute -Wredundant-decls -Wnested-externs -Wunused-parameter -Wwrite-strings -Winline -Wfloat-equal -Wextra -Winit-self -Wvariadic-macros  -DNDEBUG -ffunction-sections -fdata-sections -Wl,--gc-sections -fPIC 		-L/root/advancedtomat/release/src-rt-6.x.4708/router/zlib -L/root/advancedtomat/release/src-rt-6.x.4708/router/openssl -L/root/advancedtomat/release/src-rt-6.x.4708/router/libcurl/lib/.libs -L/root/advancedtomat/release/src-rt-6.x.4708/router/libevent/.libs conftest.c  >&5
conftest.c:60:1: warning: function declaration isn't a prototype
conftest.c:69:1: warning: function declaration isn't a prototype
configure:17328: $? = 0
configure:17328: result: yes
configure:17328: checking for strsep
configure:17328: arm-brcm-linux-uclibcgnueabi-gcc -o conftest -Os -Wall -fno-delete-null-pointer-checks -funit-at-a-time 		--param large-function-growth=800 --param max-inline-insns-single=3000 		-ffunction-sections -fdata-sections -std=gnu99 -ggdb3 -Wall -W -Wpointer-arith -Wformat-security -Wundef -Wcast-align -Wstrict-prototypes -Wmissing-declarations -Wmissing-format-attribute -Wredundant-decls -Wnested-externs -Wunused-parameter -Wwrite-strings -Winline -Wfloat-equal -Wextra -Winit-self -Wvariadic-macros  -DNDEBUG -ffunction-sections -fdata-sections -Wl,--gc-sections -fPIC 		-L/root/advancedtomat/release/src-rt-6.x.4708/router/zlib -L/root/advancedtomat/release/src-rt-6.x.4708/router/openssl -L/root/advancedtomat/release/src-rt-6.x.4708/router/libcurl/lib/.libs -L/root/advancedtomat/release/src-rt-6.x.4708/router/libevent/.libs conftest.c  >&5
conftest.c:61:1: warning: function declaration isn't a prototype
conftest.c:70:1: warning: function declaration isn't a prototype
configure:17328: $? = 0
configure:17328: result: yes
configure:17328: checking for strtold
configure:17328: arm-brcm-linux-uclibcgnueabi-gcc -o conftest -Os -Wall -fno-delete-null-pointer-checks -funit-at-a-time 		--param large-function-growth=800 --param max-inline-insns-single=3000 		-ffunction-sections -fdata-sections -std=gnu99 -ggdb3 -Wall -W -Wpointer-arith -Wformat-security -Wundef -Wcast-align -Wstrict-prototypes -Wmissing-declarations -Wmissing-format-attribute -Wredundant-decls -Wnested-externs -Wunused-parameter -Wwrite-strings -Winline -Wfloat-equal -Wextra -Winit-self -Wvariadic-macros  -DNDEBUG -ffunction-sections -fdata-sections -Wl,--gc-sections -fPIC 		-L/root/advancedtomat/release/src-rt-6.x.4708/router/zlib -L/root/advancedtomat/release/src-rt-6.x.4708/router/openssl -L/root/advancedtomat/release/src-rt-6.x.4708/router/libcurl/lib/.libs -L/root/advancedtomat/release/src-rt-6.x.4708/router/libevent/.libs conftest.c  >&5
conftest.c:62:1: warning: function declaration isn't a prototype
conftest.c:71:1: warning: function declaration isn't a prototype
configure:17328: $? = 0
configure:17328: result: yes
configure:17328: checking for syslog
configure:17328: arm-brcm-linux-uclibcgnueabi-gcc -o conftest -Os -Wall -fno-delete-null-pointer-checks -funit-at-a-time 		--param large-function-growth=800 --param max-inline-insns-single=3000 		-ffunction-sections -fdata-sections -std=gnu99 -ggdb3 -Wall -W -Wpointer-arith -Wformat-security -Wundef -Wcast-align -Wstrict-prototypes -Wmissing-declarations -Wmissing-format-attribute -Wredundant-decls -Wnested-externs -Wunused-parameter -Wwrite-strings -Winline -Wfloat-equal -Wextra -Winit-self -Wvariadic-macros  -DNDEBUG -ffunction-sections -fdata-sections -Wl,--gc-sections -fPIC 		-L/root/advancedtomat/release/src-rt-6.x.4708/router/zlib -L/root/advancedtomat/release/src-rt-6.x.4708/router/openssl -L/root/advancedtomat/release/src-rt-6.x.4708/router/libcurl/lib/.libs -L/root/advancedtomat/release/src-rt-6.x.4708/router/libevent/.libs conftest.c  >&5
conftest.c:63:1: warning: function declaration isn't a prototype
conftest.c:72:1: warning: function declaration isn't a prototype
configure:17328: $? = 0
configure:17328: result: yes
configure:17328: checking for valloc
configure:17328: arm-brcm-linux-uclibcgnueabi-gcc -o conftest -Os -Wall -fno-delete-null-pointer-checks -funit-at-a-time 		--param large-function-growth=800 --param max-inline-insns-single=3000 		-ffunction-sections -fdata-sections -std=gnu99 -ggdb3 -Wall -W -Wpointer-arith -Wformat-security -Wundef -Wcast-align -Wstrict-prototypes -Wmissing-declarations -Wmissing-format-attribute -Wredundant-decls -Wnested-externs -Wunused-parameter -Wwrite-strings -Winline -Wfloat-equal -Wextra -Winit-self -Wvariadic-macros  -DNDEBUG -ffunction-sections -fdata-sections -Wl,--gc-sections -fPIC 		-L/root/advancedtomat/release/src-rt-6.x.4708/router/zlib -L/root/advancedtomat/release/src-rt-6.x.4708/router/openssl -L/root/advancedtomat/release/src-rt-6.x.4708/router/libcurl/lib/.libs -L/root/advancedtomat/release/src-rt-6.x.4708/router/libevent/.libs conftest.c  >&5
conftest.c:64:1: warning: function declaration isn't a prototype
conftest.c:73:1: warning: function declaration isn't a prototype
configure:17328: $? = 0
configure:17328: result: yes
configure:17328: checking for getpagesize
configure:17328: arm-brcm-linux-uclibcgnueabi-gcc -o conftest -Os -Wall -fno-delete-null-pointer-checks -funit-at-a-time 		--param large-function-growth=800 --param max-inline-insns-single=3000 		-ffunction-sections -fdata-sections -std=gnu99 -ggdb3 -Wall -W -Wpointer-arith -Wformat-security -Wundef -Wcast-align -Wstrict-prototypes -Wmissing-declarations -Wmissing-format-attribute -Wredundant-decls -Wnested-externs -Wunused-parameter -Wwrite-strings -Winline -Wfloat-equal -Wextra -Winit-self -Wvariadic-macros  -DNDEBUG -ffunction-sections -fdata-sections -Wl,--gc-sections -fPIC 		-L/root/advancedtomat/release/src-rt-6.x.4708/router/zlib -L/root/advancedtomat/release/src-rt-6.x.4708/router/openssl -L/root/advancedtomat/release/src-rt-6.x.4708/router/libcurl/lib/.libs -L/root/advancedtomat/release/src-rt-6.x.4708/router/libevent/.libs conftest.c  >&5
conftest.c:65:1: warning: function declaration isn't a prototype
conftest.c:74:1: warning: function declaration isn't a prototype
configure:17328: $? = 0
configure:17328: result: yes
configure:17328: checking for posix_memalign
configure:17328: arm-brcm-linux-uclibcgnueabi-gcc -o conftest -Os -Wall -fno-delete-null-pointer-checks -funit-at-a-time 		--param large-function-growth=800 --param max-inline-insns-single=3000 		-ffunction-sections -fdata-sections -std=gnu99 -ggdb3 -Wall -W -Wpointer-arith -Wformat-security -Wundef -Wcast-align -Wstrict-prototypes -Wmissing-declarations -Wmissing-format-attribute -Wredundant-decls -Wnested-externs -Wunused-parameter -Wwrite-strings -Winline -Wfloat-equal -Wextra -Winit-self -Wvariadic-macros  -DNDEBUG -ffunction-sections -fdata-sections -Wl,--gc-sections -fPIC 		-L/root/advancedtomat/release/src-rt-6.x.4708/router/zlib -L/root/advancedtomat/release/src-rt-6.x.4708/router/openssl -L/root/advancedtomat/release/src-rt-6.x.4708/router/libcurl/lib/.libs -L/root/advancedtomat/release/src-rt-6.x.4708/router/libevent/.libs conftest.c  >&5
conftest.c:66:1: warning: function declaration isn't a prototype
conftest.c:75:1: warning: function declaration isn't a prototype
configure:17328: $? = 0
configure:17328: result: yes
configure:17328: checking for statvfs
configure:17328: arm-brcm-linux-uclibcgnueabi-gcc -o conftest -Os -Wall -fno-delete-null-pointer-checks -funit-at-a-time 		--param large-function-growth=800 --param max-inline-insns-single=3000 		-ffunction-sections -fdata-sections -std=gnu99 -ggdb3 -Wall -W -Wpointer-arith -Wformat-security -Wundef -Wcast-align -Wstrict-prototypes -Wmissing-declarations -Wmissing-format-attribute -Wredundant-decls -Wnested-externs -Wunused-parameter -Wwrite-strings -Winline -Wfloat-equal -Wextra -Winit-self -Wvariadic-macros  -DNDEBUG -ffunction-sections -fdata-sections -Wl,--gc-sections -fPIC 		-L/root/advancedtomat/release/src-rt-6.x.4708/router/zlib -L/root/advancedtomat/release/src-rt-6.x.4708/router/openssl -L/root/advancedtomat/release/src-rt-6.x.4708/router/libcurl/lib/.libs -L/root/advancedtomat/release/src-rt-6.x.4708/router/libevent/.libs conftest.c  >&5
conftest.c:67:1: warning: function declaration isn't a prototype
conftest.c:76:1: warning: function declaration isn't a prototype
configure:17328: $? = 0
configure:17328: result: yes
configure:17328: checking for htonll
configure:17328: arm-brcm-linux-uclibcgnueabi-gcc -o conftest -Os -Wall -fno-delete-null-pointer-checks -funit-at-a-time 		--param large-function-growth=800 --param max-inline-insns-single=3000 		-ffunction-sections -fdata-sections -std=gnu99 -ggdb3 -Wall -W -Wpointer-arith -Wformat-security -Wundef -Wcast-align -Wstrict-prototypes -Wmissing-declarations -Wmissing-format-attribute -Wredundant-decls -Wnested-externs -Wunused-parameter -Wwrite-strings -Winline -Wfloat-equal -Wextra -Winit-self -Wvariadic-macros  -DNDEBUG -ffunction-sections -fdata-sections -Wl,--gc-sections -fPIC 		-L/root/advancedtomat/release/src-rt-6.x.4708/router/zlib -L/root/advancedtomat/release/src-rt-6.x.4708/router/openssl -L/root/advancedtomat/release/src-rt-6.x.4708/router/libcurl/lib/.libs -L/root/advancedtomat/release/src-rt-6.x.4708/router/libevent/.libs conftest.c  >&5
conftest.c:68:1: warning: function declaration isn't a prototype
conftest.c:77:1: warning: function declaration isn't a prototype
/tmp/ccGqqeNZ.o: In function `main':
/root/advancedtomat/release/src-rt-6.x.4708/router/transmission/conftest.c:79: undefined reference to `htonll'
collect2: ld returned 1 exit status
configure:17328: $? = 1
configure: failed program was:
| /* confdefs.h */
| #define PACKAGE_NAME "transmission"
| #define PACKAGE_TARNAME "transmission"
| #define PACKAGE_VERSION "2.93"
| #define PACKAGE_STRING "transmission 2.93"
| #define PACKAGE_BUGREPORT "https://github.com/transmission/transmission"
| #define PACKAGE_URL ""
| #define PACKAGE "transmission"
| #define VERSION "2.93"
| #define STDC_HEADERS 1
| #define HAVE_SYS_TYPES_H 1
| #define HAVE_SYS_STAT_H 1
| #define HAVE_STDLIB_H 1
| #define HAVE_STRING_H 1
| #define HAVE_MEMORY_H 1
| #define HAVE_STRINGS_H 1
| #define HAVE_INTTYPES_H 1
| #define HAVE_STDINT_H 1
| #define HAVE_UNISTD_H 1
| #define HAVE_DLFCN_H 1
| #define LT_OBJDIR ".libs/"
| #define STDC_HEADERS 1
| #define TIME_WITH_SYS_TIME 1
| #define HAVE_STDBOOL_H 1
| #define HAVE_XLOCALE_H 1
| #define HAVE_ICONV 1
| #define HAVE_PREAD 1
| #define HAVE_PWRITE 1
| #define HAVE_STRLCPY 1
| #define HAVE_DAEMON 1
| #define HAVE_DIRNAME 1
| #define HAVE_BASENAME 1
| #define HAVE_CANONICALIZE_FILE_NAME 1
| #define HAVE_STRCASECMP 1
| #define HAVE_LOCALTIME_R 1
| #define HAVE_MEMMEM 1
| #define HAVE_STRSEP 1
| #define HAVE_STRTOLD 1
| #define HAVE_SYSLOG 1
| #define HAVE_VALLOC 1
| #define HAVE_GETPAGESIZE 1
| #define HAVE_POSIX_MEMALIGN 1
| #define HAVE_STATVFS 1
| /* end confdefs.h.  */
| /* Define htonll to an innocuous variant, in case <limits.h> declares htonll.
|    For example, HP-UX 11i <limits.h> declares gettimeofday.  */
| #define htonll innocuous_htonll
| 
| /* System header to define __stub macros and hopefully few prototypes,
|     which can conflict with char htonll (); below.
|     Prefer <limits.h> to <assert.h> if __STDC__ is defined, since
|     <limits.h> exists even on freestanding compilers.  */
| 
| #ifdef __STDC__
| # include <limits.h>
| #else
| # include <assert.h>
| #endif
| 
| #undef htonll
| 
| /* Override any GCC internal prototype to avoid an error.
|    Use char because int might match the return type of a GCC
|    builtin and then its argument prototype would still apply.  */
| #ifdef __cplusplus
| extern "C"
| #endif
| char htonll ();
| /* The GNU C library defines this for functions which it implements
|     to always fail with ENOSYS.  Some functions are actually named
|     something starting with __ and the normal name is an alias.  */
| #if defined __stub_htonll || defined __stub___htonll
| choke me
| #endif
| 
| int
| main ()
| {
| return htonll ();
|   ;
|   return 0;
| }
configure:17328: result: no
configure:17328: checking for ntohll
configure:17328: arm-brcm-linux-uclibcgnueabi-gcc -o conftest -Os -Wall -fno-delete-null-pointer-checks -funit-at-a-time 		--param large-function-growth=800 --param max-inline-insns-single=3000 		-ffunction-sections -fdata-sections -std=gnu99 -ggdb3 -Wall -W -Wpointer-arith -Wformat-security -Wundef -Wcast-align -Wstrict-prototypes -Wmissing-declarations -Wmissing-format-attribute -Wredundant-decls -Wnested-externs -Wunused-parameter -Wwrite-strings -Winline -Wfloat-equal -Wextra -Winit-self -Wvariadic-macros  -DNDEBUG -ffunction-sections -fdata-sections -Wl,--gc-sections -fPIC 		-L/root/advancedtomat/release/src-rt-6.x.4708/router/zlib -L/root/advancedtomat/release/src-rt-6.x.4708/router/openssl -L/root/advancedtomat/release/src-rt-6.x.4708/router/libcurl/lib/.libs -L/root/advancedtomat/release/src-rt-6.x.4708/router/libevent/.libs conftest.c  >&5
conftest.c:68:1: warning: function declaration isn't a prototype
conftest.c:77:1: warning: function declaration isn't a prototype
/tmp/ccKsPHLc.o: In function `main':
/root/advancedtomat/release/src-rt-6.x.4708/router/transmission/conftest.c:79: undefined reference to `ntohll'
collect2: ld returned 1 exit status
configure:17328: $? = 1
configure: failed program was:
| /* confdefs.h */
| #define PACKAGE_NAME "transmission"
| #define PACKAGE_TARNAME "transmission"
| #define PACKAGE_VERSION "2.93"
| #define PACKAGE_STRING "transmission 2.93"
| #define PACKAGE_BUGREPORT "https://github.com/transmission/transmission"
| #define PACKAGE_URL ""
| #define PACKAGE "transmission"
| #define VERSION "2.93"
| #define STDC_HEADERS 1
| #define HAVE_SYS_TYPES_H 1
| #define HAVE_SYS_STAT_H 1
| #define HAVE_STDLIB_H 1
| #define HAVE_STRING_H 1
| #define HAVE_MEMORY_H 1
| #define HAVE_STRINGS_H 1
| #define HAVE_INTTYPES_H 1
| #define HAVE_STDINT_H 1
| #define HAVE_UNISTD_H 1
| #define HAVE_DLFCN_H 1
| #define LT_OBJDIR ".libs/"
| #define STDC_HEADERS 1
| #define TIME_WITH_SYS_TIME 1
| #define HAVE_STDBOOL_H 1
| #define HAVE_XLOCALE_H 1
| #define HAVE_ICONV 1
| #define HAVE_PREAD 1
| #define HAVE_PWRITE 1
| #define HAVE_STRLCPY 1
| #define HAVE_DAEMON 1
| #define HAVE_DIRNAME 1
| #define HAVE_BASENAME 1
| #define HAVE_CANONICALIZE_FILE_NAME 1
| #define HAVE_STRCASECMP 1
| #define HAVE_LOCALTIME_R 1
| #define HAVE_MEMMEM 1
| #define HAVE_STRSEP 1
| #define HAVE_STRTOLD 1
| #define HAVE_SYSLOG 1
| #define HAVE_VALLOC 1
| #define HAVE_GETPAGESIZE 1
| #define HAVE_POSIX_MEMALIGN 1
| #define HAVE_STATVFS 1
| /* end confdefs.h.  */
| /* Define ntohll to an innocuous variant, in case <limits.h> declares ntohll.
|    For example, HP-UX 11i <limits.h> declares gettimeofday.  */
| #define ntohll innocuous_ntohll
| 
| /* System header to define __stub macros and hopefully few prototypes,
|     which can conflict with char ntohll (); below.
|     Prefer <limits.h> to <assert.h> if __STDC__ is defined, since
|     <limits.h> exists even on freestanding compilers.  */
| 
| #ifdef __STDC__
| # include <limits.h>
| #else
| # include <assert.h>
| #endif
| 
| #undef ntohll
| 
| /* Override any GCC internal prototype to avoid an error.
|    Use char because int might match the return type of a GCC
|    builtin and then its argument prototype would still apply.  */
| #ifdef __cplusplus
| extern "C"
| #endif
| char ntohll ();
| /* The GNU C library defines this for functions which it implements
|     to always fail with ENOSYS.  Some functions are actually named
|     something starting with __ and the normal name is an alias.  */
| #if defined __stub_ntohll || defined __stub___ntohll
| choke me
| #endif
| 
| int
| main ()
| {
| return ntohll ();
|   ;
|   return 0;
| }
configure:17328: result: no
configure:17328: checking for mkdtemp
configure:17328: arm-brcm-linux-uclibcgnueabi-gcc -o conftest -Os -Wall -fno-delete-null-pointer-checks -funit-at-a-time 		--param large-function-growth=800 --param max-inline-insns-single=3000 		-ffunction-sections -fdata-sections -std=gnu99 -ggdb3 -Wall -W -Wpointer-arith -Wformat-security -Wundef -Wcast-align -Wstrict-prototypes -Wmissing-declarations -Wmissing-format-attribute -Wredundant-decls -Wnested-externs -Wunused-parameter -Wwrite-strings -Winline -Wfloat-equal -Wextra -Winit-self -Wvariadic-macros  -DNDEBUG -ffunction-sections -fdata-sections -Wl,--gc-sections -fPIC 		-L/root/advancedtomat/release/src-rt-6.x.4708/router/zlib -L/root/advancedtomat/release/src-rt-6.x.4708/router/openssl -L/root/advancedtomat/release/src-rt-6.x.4708/router/libcurl/lib/.libs -L/root/advancedtomat/release/src-rt-6.x.4708/router/libevent/.libs conftest.c  >&5
conftest.c:68:1: warning: function declaration isn't a prototype
conftest.c:77:1: warning: function declaration isn't a prototype
configure:17328: $? = 0
configure:17328: result: yes
configure:17328: checking for uselocale
configure:17328: arm-brcm-linux-uclibcgnueabi-gcc -o conftest -Os -Wall -fno-delete-null-pointer-checks -funit-at-a-time 		--param large-function-growth=800 --param max-inline-insns-single=3000 		-ffunction-sections -fdata-sections -std=gnu99 -ggdb3 -Wall -W -Wpointer-arith -Wformat-security -Wundef -Wcast-align -Wstrict-prototypes -Wmissing-declarations -Wmissing-format-attribute -Wredundant-decls -Wnested-externs -Wunused-parameter -Wwrite-strings -Winline -Wfloat-equal -Wextra -Winit-self -Wvariadic-macros  -DNDEBUG -ffunction-sections -fdata-sections -Wl,--gc-sections -fPIC 		-L/root/advancedtomat/release/src-rt-6.x.4708/router/zlib -L/root/advancedtomat/release/src-rt-6.x.4708/router/openssl -L/root/advancedtomat/release/src-rt-6.x.4708/router/libcurl/lib/.libs -L/root/advancedtomat/release/src-rt-6.x.4708/router/libevent/.libs conftest.c  >&5
conftest.c:69:1: warning: function declaration isn't a prototype
conftest.c:78:1: warning: function declaration isn't a prototype
configure:17328: $? = 0
configure:17328: result: yes
configure:17328: checking for _configthreadlocale
configure:17328: arm-brcm-linux-uclibcgnueabi-gcc -o conftest -Os -Wall -fno-delete-null-pointer-checks -funit-at-a-time 		--param large-function-growth=800 --param max-inline-insns-single=3000 		-ffunction-sections -fdata-sections -std=gnu99 -ggdb3 -Wall -W -Wpointer-arith -Wformat-security -Wundef -Wcast-align -Wstrict-prototypes -Wmissing-declarations -Wmissing-format-attribute -Wredundant-decls -Wnested-externs -Wunused-parameter -Wwrite-strings -Winline -Wfloat-equal -Wextra -Winit-self -Wvariadic-macros  -DNDEBUG -ffunction-sections -fdata-sections -Wl,--gc-sections -fPIC 		-L/root/advancedtomat/release/src-rt-6.x.4708/router/zlib -L/root/advancedtomat/release/src-rt-6.x.4708/router/openssl -L/root/advancedtomat/release/src-rt-6.x.4708/router/libcurl/lib/.libs -L/root/advancedtomat/release/src-rt-6.x.4708/router/libevent/.libs conftest.c  >&5
conftest.c:70:1: warning: function declaration isn't a prototype
conftest.c:79:1: warning: function declaration isn't a prototype
/tmp/cceb9bUk.o: In function `main':
/root/advancedtomat/release/src-rt-6.x.4708/router/transmission/conftest.c:81: undefined reference to `_configthreadlocale'
collect2: ld returned 1 exit status
configure:17328: $? = 1
configure: failed program was:
| /* confdefs.h */
| #define PACKAGE_NAME "transmission"
| #define PACKAGE_TARNAME "transmission"
| #define PACKAGE_VERSION "2.93"
| #define PACKAGE_STRING "transmission 2.93"
| #define PACKAGE_BUGREPORT "https://github.com/transmission/transmission"
| #define PACKAGE_URL ""
| #define PACKAGE "transmission"
| #define VERSION "2.93"
| #define STDC_HEADERS 1
| #define HAVE_SYS_TYPES_H 1
| #define HAVE_SYS_STAT_H 1
| #define HAVE_STDLIB_H 1
| #define HAVE_STRING_H 1
| #define HAVE_MEMORY_H 1
| #define HAVE_STRINGS_H 1
| #define HAVE_INTTYPES_H 1
| #define HAVE_STDINT_H 1
| #define HAVE_UNISTD_H 1
| #define HAVE_DLFCN_H 1
| #define LT_OBJDIR ".libs/"
| #define STDC_HEADERS 1
| #define TIME_WITH_SYS_TIME 1
| #define HAVE_STDBOOL_H 1
| #define HAVE_XLOCALE_H 1
| #define HAVE_ICONV 1
| #define HAVE_PREAD 1
| #define HAVE_PWRITE 1
| #define HAVE_STRLCPY 1
| #define HAVE_DAEMON 1
| #define HAVE_DIRNAME 1
| #define HAVE_BASENAME 1
| #define HAVE_CANONICALIZE_FILE_NAME 1
| #define HAVE_STRCASECMP 1
| #define HAVE_LOCALTIME_R 1
| #define HAVE_MEMMEM 1
| #define HAVE_STRSEP 1
| #define HAVE_STRTOLD 1
| #define HAVE_SYSLOG 1
| #define HAVE_VALLOC 1
| #define HAVE_GETPAGESIZE 1
| #define HAVE_POSIX_MEMALIGN 1
| #define HAVE_STATVFS 1
| #define HAVE_MKDTEMP 1
| #define HAVE_USELOCALE 1
| /* end confdefs.h.  */
| /* Define _configthreadlocale to an innocuous variant, in case <limits.h> declares _configthreadlocale.
|    For example, HP-UX 11i <limits.h> declares gettimeofday.  */
| #define _configthreadlocale innocuous__configthreadlocale
| 
| /* System header to define __stub macros and hopefully few prototypes,
|     which can conflict with char _configthreadlocale (); below.
|     Prefer <limits.h> to <assert.h> if __STDC__ is defined, since
|     <limits.h> exists even on freestanding compilers.  */
| 
| #ifdef __STDC__
| # include <limits.h>
| #else
| # include <assert.h>
| #endif
| 
| #undef _configthreadlocale
| 
| /* Override any GCC internal prototype to avoid an error.
|    Use char because int might match the return type of a GCC
|    builtin and then its argument prototype would still apply.  */
| #ifdef __cplusplus
| extern "C"
| #endif
| char _configthreadlocale ();
| /* The GNU C library defines this for functions which it implements
|     to always fail with ENOSYS.  Some functions are actually named
|     something starting with __ and the normal name is an alias.  */
| #if defined __stub__configthreadlocale || defined __stub____configthreadlocale
| choke me
| #endif
| 
| int
| main ()
| {
| return _configthreadlocale ();
|   ;
|   return 0;
| }
configure:17328: result: no
configure:17338: checking whether make sets $(MAKE)
configure:17360: result: yes
configure:17534: checking for the pthreads library -lpthreads
configure:17567: arm-brcm-linux-uclibcgnueabi-gcc -o conftest -Os -Wall -fno-delete-null-pointer-checks -funit-at-a-time 		--param large-function-growth=800 --param max-inline-insns-single=3000 		-ffunction-sections -fdata-sections -std=gnu99 -ggdb3 -Wall -W -Wpointer-arith -Wformat-security -Wundef -Wcast-align -Wstrict-prototypes -Wmissing-declarations -Wmissing-format-attribute -Wredundant-decls -Wnested-externs -Wunused-parameter -Wwrite-strings -Winline -Wfloat-equal -Wextra -Winit-self -Wvariadic-macros   -DNDEBUG -ffunction-sections -fdata-sections -Wl,--gc-sections -fPIC 		-L/root/advancedtomat/release/src-rt-6.x.4708/router/zlib -L/root/advancedtomat/release/src-rt-6.x.4708/router/openssl -L/root/advancedtomat/release/src-rt-6.x.4708/router/libcurl/lib/.libs -L/root/advancedtomat/release/src-rt-6.x.4708/router/libevent/.libs conftest.c -lpthreads  >&5
conftest.c:49:1: warning: function declaration isn't a prototype
conftest.c: In function 'main':
conftest.c:51:27: warning: 'th' is used uninitialized in this function
/root/advancedtomat/release/src-rt-6.x.4708/toolchains/hndtools-arm-linux-2.6.36-uclibc-4.5.3/bin/../lib/gcc/arm-brcm-linux-uclibcgnueabi/4.5.3/../../../../arm-brcm-linux-uclibcgnueabi/bin/ld: cannot find -lpthreads
collect2: ld returned 1 exit status
configure:17567: $? = 1
configure: failed program was:
| /* confdefs.h */
| #define PACKAGE_NAME "transmission"
| #define PACKAGE_TARNAME "transmission"
| #define PACKAGE_VERSION "2.93"
| #define PACKAGE_STRING "transmission 2.93"
| #define PACKAGE_BUGREPORT "https://github.com/transmission/transmission"
| #define PACKAGE_URL ""
| #define PACKAGE "transmission"
| #define VERSION "2.93"
| #define STDC_HEADERS 1
| #define HAVE_SYS_TYPES_H 1
| #define HAVE_SYS_STAT_H 1
| #define HAVE_STDLIB_H 1
| #define HAVE_STRING_H 1
| #define HAVE_MEMORY_H 1
| #define HAVE_STRINGS_H 1
| #define HAVE_INTTYPES_H 1
| #define HAVE_STDINT_H 1
| #define HAVE_UNISTD_H 1
| #define HAVE_DLFCN_H 1
| #define LT_OBJDIR ".libs/"
| #define STDC_HEADERS 1
| #define TIME_WITH_SYS_TIME 1
| #define HAVE_STDBOOL_H 1
| #define HAVE_XLOCALE_H 1
| #define HAVE_ICONV 1
| #define HAVE_PREAD 1
| #define HAVE_PWRITE 1
| #define HAVE_STRLCPY 1
| #define HAVE_DAEMON 1
| #define HAVE_DIRNAME 1
| #define HAVE_BASENAME 1
| #define HAVE_CANONICALIZE_FILE_NAME 1
| #define HAVE_STRCASECMP 1
| #define HAVE_LOCALTIME_R 1
| #define HAVE_MEMMEM 1
| #define HAVE_STRSEP 1
| #define HAVE_STRTOLD 1
| #define HAVE_SYSLOG 1
| #define HAVE_VALLOC 1
| #define HAVE_GETPAGESIZE 1
| #define HAVE_POSIX_MEMALIGN 1
| #define HAVE_STATVFS 1
| #define HAVE_MKDTEMP 1
| #define HAVE_USELOCALE 1
| /* end confdefs.h.  */
| #include <pthread.h>
| int
| main ()
| {
| pthread_t th; pthread_join(th, 0);
|                      pthread_attr_init(0); pthread_cleanup_push(0, 0);
|                      pthread_create(0,0,0,0); pthread_cleanup_pop(0);
|   ;
|   return 0;
| }
configure:17576: result: no
configure:17479: checking whether pthreads work without any flags
configure:17567: arm-brcm-linux-uclibcgnueabi-gcc -o conftest -Os -Wall -fno-delete-null-pointer-checks -funit-at-a-time 		--param large-function-growth=800 --param max-inline-insns-single=3000 		-ffunction-sections -fdata-sections -std=gnu99 -ggdb3 -Wall -W -Wpointer-arith -Wformat-security -Wundef -Wcast-align -Wstrict-prototypes -Wmissing-declarations -Wmissing-format-attribute -Wredundant-decls -Wnested-externs -Wunused-parameter -Wwrite-strings -Winline -Wfloat-equal -Wextra -Winit-self -Wvariadic-macros   -DNDEBUG -ffunction-sections -fdata-sections -Wl,--gc-sections -fPIC 		-L/root/advancedtomat/release/src-rt-6.x.4708/router/zlib -L/root/advancedtomat/release/src-rt-6.x.4708/router/openssl -L/root/advancedtomat/release/src-rt-6.x.4708/router/libcurl/lib/.libs -L/root/advancedtomat/release/src-rt-6.x.4708/router/libevent/.libs conftest.c   >&5
conftest.c:49:1: warning: function declaration isn't a prototype
conftest.c: In function 'main':
conftest.c:51:27: warning: 'th' is used uninitialized in this function
/tmp/cc8iEzfH.o: In function `main':
/root/advancedtomat/release/src-rt-6.x.4708/router/transmission/conftest.c:51: undefined reference to `pthread_join'
/root/advancedtomat/release/src-rt-6.x.4708/router/transmission/conftest.c:53: undefined reference to `pthread_create'
collect2: ld returned 1 exit status
configure:17567: $? = 1
configure: failed program was:
| /* confdefs.h */
| #define PACKAGE_NAME "transmission"
| #define PACKAGE_TARNAME "transmission"
| #define PACKAGE_VERSION "2.93"
| #define PACKAGE_STRING "transmission 2.93"
| #define PACKAGE_BUGREPORT "https://github.com/transmission/transmission"
| #define PACKAGE_URL ""
| #define PACKAGE "transmission"
| #define VERSION "2.93"
| #define STDC_HEADERS 1
| #define HAVE_SYS_TYPES_H 1
| #define HAVE_SYS_STAT_H 1
| #define HAVE_STDLIB_H 1
| #define HAVE_STRING_H 1
| #define HAVE_MEMORY_H 1
| #define HAVE_STRINGS_H 1
| #define HAVE_INTTYPES_H 1
| #define HAVE_STDINT_H 1
| #define HAVE_UNISTD_H 1
| #define HAVE_DLFCN_H 1
| #define LT_OBJDIR ".libs/"
| #define STDC_HEADERS 1
| #define TIME_WITH_SYS_TIME 1
| #define HAVE_STDBOOL_H 1
| #define HAVE_XLOCALE_H 1
| #define HAVE_ICONV 1
| #define HAVE_PREAD 1
| #define HAVE_PWRITE 1
| #define HAVE_STRLCPY 1
| #define HAVE_DAEMON 1
| #define HAVE_DIRNAME 1
| #define HAVE_BASENAME 1
| #define HAVE_CANONICALIZE_FILE_NAME 1
| #define HAVE_STRCASECMP 1
| #define HAVE_LOCALTIME_R 1
| #define HAVE_MEMMEM 1
| #define HAVE_STRSEP 1
| #define HAVE_STRTOLD 1
| #define HAVE_SYSLOG 1
| #define HAVE_VALLOC 1
| #define HAVE_GETPAGESIZE 1
| #define HAVE_POSIX_MEMALIGN 1
| #define HAVE_STATVFS 1
| #define HAVE_MKDTEMP 1
| #define HAVE_USELOCALE 1
| /* end confdefs.h.  */
| #include <pthread.h>
| int
| main ()
| {
| pthread_t th; pthread_join(th, 0);
|                      pthread_attr_init(0); pthread_cleanup_push(0, 0);
|                      pthread_create(0,0,0,0); pthread_cleanup_pop(0);
|   ;
|   return 0;
| }
configure:17576: result: no
configure:17484: checking whether pthreads work with -Kthread
configure:17567: arm-brcm-linux-uclibcgnueabi-gcc -o conftest -Os -Wall -fno-delete-null-pointer-checks -funit-at-a-time 		--param large-function-growth=800 --param max-inline-insns-single=3000 		-ffunction-sections -fdata-sections -std=gnu99 -ggdb3 -Wall -W -Wpointer-arith -Wformat-security -Wundef -Wcast-align -Wstrict-prototypes -Wmissing-declarations -Wmissing-format-attribute -Wredundant-decls -Wnested-externs -Wunused-parameter -Wwrite-strings -Winline -Wfloat-equal -Wextra -Winit-self -Wvariadic-macros -Kthread  -DNDEBUG -ffunction-sections -fdata-sections -Wl,--gc-sections -fPIC 		-L/root/advancedtomat/release/src-rt-6.x.4708/router/zlib -L/root/advancedtomat/release/src-rt-6.x.4708/router/openssl -L/root/advancedtomat/release/src-rt-6.x.4708/router/libcurl/lib/.libs -L/root/advancedtomat/release/src-rt-6.x.4708/router/libevent/.libs conftest.c   >&5
arm-brcm-linux-uclibcgnueabi-gcc: unrecognized option '-Kthread'
conftest.c:49:1: warning: function declaration isn't a prototype
conftest.c: In function 'main':
conftest.c:51:27: warning: 'th' is used uninitialized in this function
/tmp/cc4EnDaR.o: In function `main':
/root/advancedtomat/release/src-rt-6.x.4708/router/transmission/conftest.c:51: undefined reference to `pthread_join'
/root/advancedtomat/release/src-rt-6.x.4708/router/transmission/conftest.c:53: undefined reference to `pthread_create'
collect2: ld returned 1 exit status
configure:17567: $? = 1
configure: failed program was:
| /* confdefs.h */
| #define PACKAGE_NAME "transmission"
| #define PACKAGE_TARNAME "transmission"
| #define PACKAGE_VERSION "2.93"
| #define PACKAGE_STRING "transmission 2.93"
| #define PACKAGE_BUGREPORT "https://github.com/transmission/transmission"
| #define PACKAGE_URL ""
| #define PACKAGE "transmission"
| #define VERSION "2.93"
| #define STDC_HEADERS 1
| #define HAVE_SYS_TYPES_H 1
| #define HAVE_SYS_STAT_H 1
| #define HAVE_STDLIB_H 1
| #define HAVE_STRING_H 1
| #define HAVE_MEMORY_H 1
| #define HAVE_STRINGS_H 1
| #define HAVE_INTTYPES_H 1
| #define HAVE_STDINT_H 1
| #define HAVE_UNISTD_H 1
| #define HAVE_DLFCN_H 1
| #define LT_OBJDIR ".libs/"
| #define STDC_HEADERS 1
| #define TIME_WITH_SYS_TIME 1
| #define HAVE_STDBOOL_H 1
| #define HAVE_XLOCALE_H 1
| #define HAVE_ICONV 1
| #define HAVE_PREAD 1
| #define HAVE_PWRITE 1
| #define HAVE_STRLCPY 1
| #define HAVE_DAEMON 1
| #define HAVE_DIRNAME 1
| #define HAVE_BASENAME 1
| #define HAVE_CANONICALIZE_FILE_NAME 1
| #define HAVE_STRCASECMP 1
| #define HAVE_LOCALTIME_R 1
| #define HAVE_MEMMEM 1
| #define HAVE_STRSEP 1
| #define HAVE_STRTOLD 1
| #define HAVE_SYSLOG 1
| #define HAVE_VALLOC 1
| #define HAVE_GETPAGESIZE 1
| #define HAVE_POSIX_MEMALIGN 1
| #define HAVE_STATVFS 1
| #define HAVE_MKDTEMP 1
| #define HAVE_USELOCALE 1
| /* end confdefs.h.  */
| #include <pthread.h>
| int
| main ()
| {
| pthread_t th; pthread_join(th, 0);
|                      pthread_attr_init(0); pthread_cleanup_push(0, 0);
|                      pthread_create(0,0,0,0); pthread_cleanup_pop(0);
|   ;
|   return 0;
| }
configure:17576: result: no
configure:17484: checking whether pthreads work with -kthread
configure:17567: arm-brcm-linux-uclibcgnueabi-gcc -o conftest -Os -Wall -fno-delete-null-pointer-checks -funit-at-a-time 		--param large-function-growth=800 --param max-inline-insns-single=3000 		-ffunction-sections -fdata-sections -std=gnu99 -ggdb3 -Wall -W -Wpointer-arith -Wformat-security -Wundef -Wcast-align -Wstrict-prototypes -Wmissing-declarations -Wmissing-format-attribute -Wredundant-decls -Wnested-externs -Wunused-parameter -Wwrite-strings -Winline -Wfloat-equal -Wextra -Winit-self -Wvariadic-macros -kthread  -DNDEBUG -ffunction-sections -fdata-sections -Wl,--gc-sections -fPIC 		-L/root/advancedtomat/release/src-rt-6.x.4708/router/zlib -L/root/advancedtomat/release/src-rt-6.x.4708/router/openssl -L/root/advancedtomat/release/src-rt-6.x.4708/router/libcurl/lib/.libs -L/root/advancedtomat/release/src-rt-6.x.4708/router/libevent/.libs conftest.c   >&5
arm-brcm-linux-uclibcgnueabi-gcc: unrecognized option '-kthread'
conftest.c:49:1: warning: function declaration isn't a prototype
conftest.c: In function 'main':
conftest.c:51:27: warning: 'th' is used uninitialized in this function
/tmp/ccIHj8eZ.o: In function `main':
/root/advancedtomat/release/src-rt-6.x.4708/router/transmission/conftest.c:51: undefined reference to `pthread_join'
/root/advancedtomat/release/src-rt-6.x.4708/router/transmission/conftest.c:53: undefined reference to `pthread_create'
collect2: ld returned 1 exit status
configure:17567: $? = 1
configure: failed program was:
| /* confdefs.h */
| #define PACKAGE_NAME "transmission"
| #define PACKAGE_TARNAME "transmission"
| #define PACKAGE_VERSION "2.93"
| #define PACKAGE_STRING "transmission 2.93"
| #define PACKAGE_BUGREPORT "https://github.com/transmission/transmission"
| #define PACKAGE_URL ""
| #define PACKAGE "transmission"
| #define VERSION "2.93"
| #define STDC_HEADERS 1
| #define HAVE_SYS_TYPES_H 1
| #define HAVE_SYS_STAT_H 1
| #define HAVE_STDLIB_H 1
| #define HAVE_STRING_H 1
| #define HAVE_MEMORY_H 1
| #define HAVE_STRINGS_H 1
| #define HAVE_INTTYPES_H 1
| #define HAVE_STDINT_H 1
| #define HAVE_UNISTD_H 1
| #define HAVE_DLFCN_H 1
| #define LT_OBJDIR ".libs/"
| #define STDC_HEADERS 1
| #define TIME_WITH_SYS_TIME 1
| #define HAVE_STDBOOL_H 1
| #define HAVE_XLOCALE_H 1
| #define HAVE_ICONV 1
| #define HAVE_PREAD 1
| #define HAVE_PWRITE 1
| #define HAVE_STRLCPY 1
| #define HAVE_DAEMON 1
| #define HAVE_DIRNAME 1
| #define HAVE_BASENAME 1
| #define HAVE_CANONICALIZE_FILE_NAME 1
| #define HAVE_STRCASECMP 1
| #define HAVE_LOCALTIME_R 1
| #define HAVE_MEMMEM 1
| #define HAVE_STRSEP 1
| #define HAVE_STRTOLD 1
| #define HAVE_SYSLOG 1
| #define HAVE_VALLOC 1
| #define HAVE_GETPAGESIZE 1
| #define HAVE_POSIX_MEMALIGN 1
| #define HAVE_STATVFS 1
| #define HAVE_MKDTEMP 1
| #define HAVE_USELOCALE 1
| /* end confdefs.h.  */
| #include <pthread.h>
| int
| main ()
| {
| pthread_t th; pthread_join(th, 0);
|                      pthread_attr_init(0); pthread_cleanup_push(0, 0);
|                      pthread_create(0,0,0,0); pthread_cleanup_pop(0);
|   ;
|   return 0;
| }
configure:17576: result: no
configure:17534: checking for the pthreads library -llthread
configure:17567: arm-brcm-linux-uclibcgnueabi-gcc -o conftest -Os -Wall -fno-delete-null-pointer-checks -funit-at-a-time 		--param large-function-growth=800 --param max-inline-insns-single=3000 		-ffunction-sections -fdata-sections -std=gnu99 -ggdb3 -Wall -W -Wpointer-arith -Wformat-security -Wundef -Wcast-align -Wstrict-prototypes -Wmissing-declarations -Wmissing-format-attribute -Wredundant-decls -Wnested-externs -Wunused-parameter -Wwrite-strings -Winline -Wfloat-equal -Wextra -Winit-self -Wvariadic-macros   -DNDEBUG -ffunction-sections -fdata-sections -Wl,--gc-sections -fPIC 		-L/root/advancedtomat/release/src-rt-6.x.4708/router/zlib -L/root/advancedtomat/release/src-rt-6.x.4708/router/openssl -L/root/advancedtomat/release/src-rt-6.x.4708/router/libcurl/lib/.libs -L/root/advancedtomat/release/src-rt-6.x.4708/router/libevent/.libs conftest.c -llthread  >&5
conftest.c:49:1: warning: function declaration isn't a prototype
conftest.c: In function 'main':
conftest.c:51:27: warning: 'th' is used uninitialized in this function
/root/advancedtomat/release/src-rt-6.x.4708/toolchains/hndtools-arm-linux-2.6.36-uclibc-4.5.3/bin/../lib/gcc/arm-brcm-linux-uclibcgnueabi/4.5.3/../../../../arm-brcm-linux-uclibcgnueabi/bin/ld: cannot find -llthread
collect2: ld returned 1 exit status
configure:17567: $? = 1
configure: failed program was:
| /* confdefs.h */
| #define PACKAGE_NAME "transmission"
| #define PACKAGE_TARNAME "transmission"
| #define PACKAGE_VERSION "2.93"
| #define PACKAGE_STRING "transmission 2.93"
| #define PACKAGE_BUGREPORT "https://github.com/transmission/transmission"
| #define PACKAGE_URL ""
| #define PACKAGE "transmission"
| #define VERSION "2.93"
| #define STDC_HEADERS 1
| #define HAVE_SYS_TYPES_H 1
| #define HAVE_SYS_STAT_H 1
| #define HAVE_STDLIB_H 1
| #define HAVE_STRING_H 1
| #define HAVE_MEMORY_H 1
| #define HAVE_STRINGS_H 1
| #define HAVE_INTTYPES_H 1
| #define HAVE_STDINT_H 1
| #define HAVE_UNISTD_H 1
| #define HAVE_DLFCN_H 1
| #define LT_OBJDIR ".libs/"
| #define STDC_HEADERS 1
| #define TIME_WITH_SYS_TIME 1
| #define HAVE_STDBOOL_H 1
| #define HAVE_XLOCALE_H 1
| #define HAVE_ICONV 1
| #define HAVE_PREAD 1
| #define HAVE_PWRITE 1
| #define HAVE_STRLCPY 1
| #define HAVE_DAEMON 1
| #define HAVE_DIRNAME 1
| #define HAVE_BASENAME 1
| #define HAVE_CANONICALIZE_FILE_NAME 1
| #define HAVE_STRCASECMP 1
| #define HAVE_LOCALTIME_R 1
| #define HAVE_MEMMEM 1
| #define HAVE_STRSEP 1
| #define HAVE_STRTOLD 1
| #define HAVE_SYSLOG 1
| #define HAVE_VALLOC 1
| #define HAVE_GETPAGESIZE 1
| #define HAVE_POSIX_MEMALIGN 1
| #define HAVE_STATVFS 1
| #define HAVE_MKDTEMP 1
| #define HAVE_USELOCALE 1
| /* end confdefs.h.  */
| #include <pthread.h>
| int
| main ()
| {
| pthread_t th; pthread_join(th, 0);
|                      pthread_attr_init(0); pthread_cleanup_push(0, 0);
|                      pthread_create(0,0,0,0); pthread_cleanup_pop(0);
|   ;
|   return 0;
| }
configure:17576: result: no
configure:17484: checking whether pthreads work with -pthread
configure:17567: arm-brcm-linux-uclibcgnueabi-gcc -o conftest -Os -Wall -fno-delete-null-pointer-checks -funit-at-a-time 		--param large-function-growth=800 --param max-inline-insns-single=3000 		-ffunction-sections -fdata-sections -std=gnu99 -ggdb3 -Wall -W -Wpointer-arith -Wformat-security -Wundef -Wcast-align -Wstrict-prototypes -Wmissing-declarations -Wmissing-format-attribute -Wredundant-decls -Wnested-externs -Wunused-parameter -Wwrite-strings -Winline -Wfloat-equal -Wextra -Winit-self -Wvariadic-macros -pthread  -DNDEBUG -ffunction-sections -fdata-sections -Wl,--gc-sections -fPIC 		-L/root/advancedtomat/release/src-rt-6.x.4708/router/zlib -L/root/advancedtomat/release/src-rt-6.x.4708/router/openssl -L/root/advancedtomat/release/src-rt-6.x.4708/router/libcurl/lib/.libs -L/root/advancedtomat/release/src-rt-6.x.4708/router/libevent/.libs conftest.c   >&5
conftest.c:49:1: warning: function declaration isn't a prototype
conftest.c: In function 'main':
conftest.c:51:27: warning: 'th' is used uninitialized in this function
configure:17567: $? = 0
configure:17576: result: yes
configure:17595: checking for joinable pthread attribute
configure:17610: arm-brcm-linux-uclibcgnueabi-gcc -o conftest -Os -Wall -fno-delete-null-pointer-checks -funit-at-a-time 		--param large-function-growth=800 --param max-inline-insns-single=3000 		-ffunction-sections -fdata-sections -std=gnu99 -ggdb3 -Wall -W -Wpointer-arith -Wformat-security -Wundef -Wcast-align -Wstrict-prototypes -Wmissing-declarations -Wmissing-format-attribute -Wredundant-decls -Wnested-externs -Wunused-parameter -Wwrite-strings -Winline -Wfloat-equal -Wextra -Winit-self -Wvariadic-macros -pthread  -DNDEBUG -ffunction-sections -fdata-sections -Wl,--gc-sections -fPIC 		-L/root/advancedtomat/release/src-rt-6.x.4708/router/zlib -L/root/advancedtomat/release/src-rt-6.x.4708/router/openssl -L/root/advancedtomat/release/src-rt-6.x.4708/router/libcurl/lib/.libs -L/root/advancedtomat/release/src-rt-6.x.4708/router/libevent/.libs conftest.c   >&5
conftest.c:49:1: warning: function declaration isn't a prototype
configure:17610: $? = 0
configure:17616: result: PTHREAD_CREATE_JOINABLE
configure:17626: checking if more special flags are required for pthreads
configure:17633: result: no
configure:17720: checking for library containing cos
configure:17751: arm-brcm-linux-uclibcgnueabi-gcc -o conftest -Os -Wall -fno-delete-null-pointer-checks -funit-at-a-time 		--param large-function-growth=800 --param max-inline-insns-single=3000 		-ffunction-sections -fdata-sections -std=gnu99 -ggdb3 -Wall -W -Wpointer-arith -Wformat-security -Wundef -Wcast-align -Wstrict-prototypes -Wmissing-declarations -Wmissing-format-attribute -Wredundant-decls -Wnested-externs -Wunused-parameter -Wwrite-strings -Winline -Wfloat-equal -Wextra -Winit-self -Wvariadic-macros  -DNDEBUG -ffunction-sections -fdata-sections -Wl,--gc-sections -fPIC 		-L/root/advancedtomat/release/src-rt-6.x.4708/router/zlib -L/root/advancedtomat/release/src-rt-6.x.4708/router/openssl -L/root/advancedtomat/release/src-rt-6.x.4708/router/libcurl/lib/.libs -L/root/advancedtomat/release/src-rt-6.x.4708/router/libevent/.libs conftest.c  >&5
conftest.c:55:1: warning: function declaration isn't a prototype
conftest.c:55:6: warning: conflicting types for built-in function 'cos'
conftest.c:57:1: warning: function declaration isn't a prototype
/tmp/ccYyv10s.o: In function `main':
/root/advancedtomat/release/src-rt-6.x.4708/router/transmission/conftest.c:59: undefined reference to `cos'
collect2: ld returned 1 exit status
configure:17751: $? = 1
configure: failed program was:
| /* confdefs.h */
| #define PACKAGE_NAME "transmission"
| #define PACKAGE_TARNAME "transmission"
| #define PACKAGE_VERSION "2.93"
| #define PACKAGE_STRING "transmission 2.93"
| #define PACKAGE_BUGREPORT "https://github.com/transmission/transmission"
| #define PACKAGE_URL ""
| #define PACKAGE "transmission"
| #define VERSION "2.93"
| #define STDC_HEADERS 1
| #define HAVE_SYS_TYPES_H 1
| #define HAVE_SYS_STAT_H 1
| #define HAVE_STDLIB_H 1
| #define HAVE_STRING_H 1
| #define HAVE_MEMORY_H 1
| #define HAVE_STRINGS_H 1
| #define HAVE_INTTYPES_H 1
| #define HAVE_STDINT_H 1
| #define HAVE_UNISTD_H 1
| #define HAVE_DLFCN_H 1
| #define LT_OBJDIR ".libs/"
| #define STDC_HEADERS 1
| #define TIME_WITH_SYS_TIME 1
| #define HAVE_STDBOOL_H 1
| #define HAVE_XLOCALE_H 1
| #define HAVE_ICONV 1
| #define HAVE_PREAD 1
| #define HAVE_PWRITE 1
| #define HAVE_STRLCPY 1
| #define HAVE_DAEMON 1
| #define HAVE_DIRNAME 1
| #define HAVE_BASENAME 1
| #define HAVE_CANONICALIZE_FILE_NAME 1
| #define HAVE_STRCASECMP 1
| #define HAVE_LOCALTIME_R 1
| #define HAVE_MEMMEM 1
| #define HAVE_STRSEP 1
| #define HAVE_STRTOLD 1
| #define HAVE_SYSLOG 1
| #define HAVE_VALLOC 1
| #define HAVE_GETPAGESIZE 1
| #define HAVE_POSIX_MEMALIGN 1
| #define HAVE_STATVFS 1
| #define HAVE_MKDTEMP 1
| #define HAVE_USELOCALE 1
| #define HAVE_PTHREAD 1
| /* end confdefs.h.  */
| 
| /* Override any GCC internal prototype to avoid an error.
|    Use char because int might match the return type of a GCC
|    builtin and then its argument prototype would still apply.  */
| #ifdef __cplusplus
| extern "C"
| #endif
| char cos ();
| int
| main ()
| {
| return cos ();
|   ;
|   return 0;
| }
configure:17751: arm-brcm-linux-uclibcgnueabi-gcc -o conftest -Os -Wall -fno-delete-null-pointer-checks -funit-at-a-time 		--param large-function-growth=800 --param max-inline-insns-single=3000 		-ffunction-sections -fdata-sections -std=gnu99 -ggdb3 -Wall -W -Wpointer-arith -Wformat-security -Wundef -Wcast-align -Wstrict-prototypes -Wmissing-declarations -Wmissing-format-attribute -Wredundant-decls -Wnested-externs -Wunused-parameter -Wwrite-strings -Winline -Wfloat-equal -Wextra -Winit-self -Wvariadic-macros  -DNDEBUG -ffunction-sections -fdata-sections -Wl,--gc-sections -fPIC 		-L/root/advancedtomat/release/src-rt-6.x.4708/router/zlib -L/root/advancedtomat/release/src-rt-6.x.4708/router/openssl -L/root/advancedtomat/release/src-rt-6.x.4708/router/libcurl/lib/.libs -L/root/advancedtomat/release/src-rt-6.x.4708/router/libevent/.libs conftest.c -lm   >&5
conftest.c:55:1: warning: function declaration isn't a prototype
conftest.c:55:6: warning: conflicting types for built-in function 'cos'
conftest.c:57:1: warning: function declaration isn't a prototype
configure:17751: $? = 0
configure:17768: result: -lm
configure:17776: checking for library containing socket
configure:17807: arm-brcm-linux-uclibcgnueabi-gcc -o conftest -Os -Wall -fno-delete-null-pointer-checks -funit-at-a-time 		--param large-function-growth=800 --param max-inline-insns-single=3000 		-ffunction-sections -fdata-sections -std=gnu99 -ggdb3 -Wall -W -Wpointer-arith -Wformat-security -Wundef -Wcast-align -Wstrict-prototypes -Wmissing-declarations -Wmissing-format-attribute -Wredundant-decls -Wnested-externs -Wunused-parameter -Wwrite-strings -Winline -Wfloat-equal -Wextra -Winit-self -Wvariadic-macros  -DNDEBUG -ffunction-sections -fdata-sections -Wl,--gc-sections -fPIC 		-L/root/advancedtomat/release/src-rt-6.x.4708/router/zlib -L/root/advancedtomat/release/src-rt-6.x.4708/router/openssl -L/root/advancedtomat/release/src-rt-6.x.4708/router/libcurl/lib/.libs -L/root/advancedtomat/release/src-rt-6.x.4708/router/libevent/.libs conftest.c -lm  >&5
conftest.c:55:1: warning: function declaration isn't a prototype
conftest.c:57:1: warning: function declaration isn't a prototype
configure:17807: $? = 0
configure:17824: result: none required
configure:17832: checking for library containing gethostbyname
configure:17863: arm-brcm-linux-uclibcgnueabi-gcc -o conftest -Os -Wall -fno-delete-null-pointer-checks -funit-at-a-time 		--param large-function-growth=800 --param max-inline-insns-single=3000 		-ffunction-sections -fdata-sections -std=gnu99 -ggdb3 -Wall -W -Wpointer-arith -Wformat-security -Wundef -Wcast-align -Wstrict-prototypes -Wmissing-declarations -Wmissing-format-attribute -Wredundant-decls -Wnested-externs -Wunused-parameter -Wwrite-strings -Winline -Wfloat-equal -Wextra -Winit-self -Wvariadic-macros  -DNDEBUG -ffunction-sections -fdata-sections -Wl,--gc-sections -fPIC 		-L/root/advancedtomat/release/src-rt-6.x.4708/router/zlib -L/root/advancedtomat/release/src-rt-6.x.4708/router/openssl -L/root/advancedtomat/release/src-rt-6.x.4708/router/libcurl/lib/.libs -L/root/advancedtomat/release/src-rt-6.x.4708/router/libevent/.libs conftest.c -lm  >&5
conftest.c:55:1: warning: function declaration isn't a prototype
conftest.c:57:1: warning: function declaration isn't a prototype
configure:17863: $? = 0
configure:17880: result: none required
configure:17888: checking for library containing quotacursor_skipidtype
configure:17919: arm-brcm-linux-uclibcgnueabi-gcc -o conftest -Os -Wall -fno-delete-null-pointer-checks -funit-at-a-time 		--param large-function-growth=800 --param max-inline-insns-single=3000 		-ffunction-sections -fdata-sections -std=gnu99 -ggdb3 -Wall -W -Wpointer-arith -Wformat-security -Wundef -Wcast-align -Wstrict-prototypes -Wmissing-declarations -Wmissing-format-attribute -Wredundant-decls -Wnested-externs -Wunused-parameter -Wwrite-strings -Winline -Wfloat-equal -Wextra -Winit-self -Wvariadic-macros  -DNDEBUG -ffunction-sections -fdata-sections -Wl,--gc-sections -fPIC 		-L/root/advancedtomat/release/src-rt-6.x.4708/router/zlib -L/root/advancedtomat/release/src-rt-6.x.4708/router/openssl -L/root/advancedtomat/release/src-rt-6.x.4708/router/libcurl/lib/.libs -L/root/advancedtomat/release/src-rt-6.x.4708/router/libevent/.libs conftest.c -lm  >&5
conftest.c:55:1: warning: function declaration isn't a prototype
conftest.c:57:1: warning: function declaration isn't a prototype
/tmp/ccQFeiu0.o: In function `main':
/root/advancedtomat/release/src-rt-6.x.4708/router/transmission/conftest.c:59: undefined reference to `quotacursor_skipidtype'
collect2: ld returned 1 exit status
configure:17919: $? = 1
configure: failed program was:
| /* confdefs.h */
| #define PACKAGE_NAME "transmission"
| #define PACKAGE_TARNAME "transmission"
| #define PACKAGE_VERSION "2.93"
| #define PACKAGE_STRING "transmission 2.93"
| #define PACKAGE_BUGREPORT "https://github.com/transmission/transmission"
| #define PACKAGE_URL ""
| #define PACKAGE "transmission"
| #define VERSION "2.93"
| #define STDC_HEADERS 1
| #define HAVE_SYS_TYPES_H 1
| #define HAVE_SYS_STAT_H 1
| #define HAVE_STDLIB_H 1
| #define HAVE_STRING_H 1
| #define HAVE_MEMORY_H 1
| #define HAVE_STRINGS_H 1
| #define HAVE_INTTYPES_H 1
| #define HAVE_STDINT_H 1
| #define HAVE_UNISTD_H 1
| #define HAVE_DLFCN_H 1
| #define LT_OBJDIR ".libs/"
| #define STDC_HEADERS 1
| #define TIME_WITH_SYS_TIME 1
| #define HAVE_STDBOOL_H 1
| #define HAVE_XLOCALE_H 1
| #define HAVE_ICONV 1
| #define HAVE_PREAD 1
| #define HAVE_PWRITE 1
| #define HAVE_STRLCPY 1
| #define HAVE_DAEMON 1
| #define HAVE_DIRNAME 1
| #define HAVE_BASENAME 1
| #define HAVE_CANONICALIZE_FILE_NAME 1
| #define HAVE_STRCASECMP 1
| #define HAVE_LOCALTIME_R 1
| #define HAVE_MEMMEM 1
| #define HAVE_STRSEP 1
| #define HAVE_STRTOLD 1
| #define HAVE_SYSLOG 1
| #define HAVE_VALLOC 1
| #define HAVE_GETPAGESIZE 1
| #define HAVE_POSIX_MEMALIGN 1
| #define HAVE_STATVFS 1
| #define HAVE_MKDTEMP 1
| #define HAVE_USELOCALE 1
| #define HAVE_PTHREAD 1
| /* end confdefs.h.  */
| 
| /* Override any GCC internal prototype to avoid an error.
|    Use char because int might match the return type of a GCC
|    builtin and then its argument prototype would still apply.  */
| #ifdef __cplusplus
| extern "C"
| #endif
| char quotacursor_skipidtype ();
| int
| main ()
| {
| return quotacursor_skipidtype ();
|   ;
|   return 0;
| }
configure:17919: arm-brcm-linux-uclibcgnueabi-gcc -o conftest -Os -Wall -fno-delete-null-pointer-checks -funit-at-a-time 		--param large-function-growth=800 --param max-inline-insns-single=3000 		-ffunction-sections -fdata-sections -std=gnu99 -ggdb3 -Wall -W -Wpointer-arith -Wformat-security -Wundef -Wcast-align -Wstrict-prototypes -Wmissing-declarations -Wmissing-format-attribute -Wredundant-decls -Wnested-externs -Wunused-parameter -Wwrite-strings -Winline -Wfloat-equal -Wextra -Winit-self -Wvariadic-macros  -DNDEBUG -ffunction-sections -fdata-sections -Wl,--gc-sections -fPIC 		-L/root/advancedtomat/release/src-rt-6.x.4708/router/zlib -L/root/advancedtomat/release/src-rt-6.x.4708/router/openssl -L/root/advancedtomat/release/src-rt-6.x.4708/router/libcurl/lib/.libs -L/root/advancedtomat/release/src-rt-6.x.4708/router/libevent/.libs conftest.c -lquota  -lm  >&5
conftest.c:55:1: warning: function declaration isn't a prototype
conftest.c:57:1: warning: function declaration isn't a prototype
/root/advancedtomat/release/src-rt-6.x.4708/toolchains/hndtools-arm-linux-2.6.36-uclibc-4.5.3/bin/../lib/gcc/arm-brcm-linux-uclibcgnueabi/4.5.3/../../../../arm-brcm-linux-uclibcgnueabi/bin/ld: cannot find -lquota
collect2: ld returned 1 exit status
configure:17919: $? = 1
configure: failed program was:
| /* confdefs.h */
| #define PACKAGE_NAME "transmission"
| #define PACKAGE_TARNAME "transmission"
| #define PACKAGE_VERSION "2.93"
| #define PACKAGE_STRING "transmission 2.93"
| #define PACKAGE_BUGREPORT "https://github.com/transmission/transmission"
| #define PACKAGE_URL ""
| #define PACKAGE "transmission"
| #define VERSION "2.93"
| #define STDC_HEADERS 1
| #define HAVE_SYS_TYPES_H 1
| #define HAVE_SYS_STAT_H 1
| #define HAVE_STDLIB_H 1
| #define HAVE_STRING_H 1
| #define HAVE_MEMORY_H 1
| #define HAVE_STRINGS_H 1
| #define HAVE_INTTYPES_H 1
| #define HAVE_STDINT_H 1
| #define HAVE_UNISTD_H 1
| #define HAVE_DLFCN_H 1
| #define LT_OBJDIR ".libs/"
| #define STDC_HEADERS 1
| #define TIME_WITH_SYS_TIME 1
| #define HAVE_STDBOOL_H 1
| #define HAVE_XLOCALE_H 1
| #define HAVE_ICONV 1
| #define HAVE_PREAD 1
| #define HAVE_PWRITE 1
| #define HAVE_STRLCPY 1
| #define HAVE_DAEMON 1
| #define HAVE_DIRNAME 1
| #define HAVE_BASENAME 1
| #define HAVE_CANONICALIZE_FILE_NAME 1
| #define HAVE_STRCASECMP 1
| #define HAVE_LOCALTIME_R 1
| #define HAVE_MEMMEM 1
| #define HAVE_STRSEP 1
| #define HAVE_STRTOLD 1
| #define HAVE_SYSLOG 1
| #define HAVE_VALLOC 1
| #define HAVE_GETPAGESIZE 1
| #define HAVE_POSIX_MEMALIGN 1
| #define HAVE_STATVFS 1
| #define HAVE_MKDTEMP 1
| #define HAVE_USELOCALE 1
| #define HAVE_PTHREAD 1
| /* end confdefs.h.  */
| 
| /* Override any GCC internal prototype to avoid an error.
|    Use char because int might match the return type of a GCC
|    builtin and then its argument prototype would still apply.  */
| #ifdef __cplusplus
| extern "C"
| #endif
| char quotacursor_skipidtype ();
| int
| main ()
| {
| return quotacursor_skipidtype ();
|   ;
|   return 0;
| }
configure:17936: result: no
configure:17950: checking for arm-linux-pkg-config
configure:17983: result: no
configure:17993: checking for pkg-config
configure:18011: found /usr/bin/pkg-config
configure:18023: result: /usr/bin/pkg-config
configure:18048: checking pkg-config is at least version 0.9.0
configure:18051: result: yes
configure:18062: checking for LIBCURL
configure:18146: result: yes
configure:18152: checking for LIBEVENT
configure:18236: result: yes
configure:18242: checking for ZLIB
configure:18326: result: yes
configure:18345: checking for OPENSSL
configure:18418: result: yes
configure:18783: checking for special C compiler options needed for large files
configure:18828: result: no
configure:18834: checking for _FILE_OFFSET_BITS value needed for large files
configure:18859: arm-brcm-linux-uclibcgnueabi-gcc -c -Os -Wall -fno-delete-null-pointer-checks -funit-at-a-time 		--param large-function-growth=800 --param max-inline-insns-single=3000 		-ffunction-sections -fdata-sections -std=gnu99 -ggdb3 -Wall -W -Wpointer-arith -Wformat-security -Wundef -Wcast-align -Wstrict-prototypes -Wmissing-declarations -Wmissing-format-attribute -Wredundant-decls -Wnested-externs -Wunused-parameter -Wwrite-strings -Winline -Wfloat-equal -Wextra -Winit-self -Wvariadic-macros  -DNDEBUG conftest.c >&5
conftest.c:54:7: error: size of array 'off_t_is_large' is negative
conftest.c:58:1: warning: function declaration isn't a prototype
configure:18859: $? = 1
configure: failed program was:
| /* confdefs.h */
| #define PACKAGE_NAME "transmission"
| #define PACKAGE_TARNAME "transmission"
| #define PACKAGE_VERSION "2.93"
| #define PACKAGE_STRING "transmission 2.93"
| #define PACKAGE_BUGREPORT "https://github.com/transmission/transmission"
| #define PACKAGE_URL ""
| #define PACKAGE "transmission"
| #define VERSION "2.93"
| #define STDC_HEADERS 1
| #define HAVE_SYS_TYPES_H 1
| #define HAVE_SYS_STAT_H 1
| #define HAVE_STDLIB_H 1
| #define HAVE_STRING_H 1
| #define HAVE_MEMORY_H 1
| #define HAVE_STRINGS_H 1
| #define HAVE_INTTYPES_H 1
| #define HAVE_STDINT_H 1
| #define HAVE_UNISTD_H 1
| #define HAVE_DLFCN_H 1
| #define LT_OBJDIR ".libs/"
| #define STDC_HEADERS 1
| #define TIME_WITH_SYS_TIME 1
| #define HAVE_STDBOOL_H 1
| #define HAVE_XLOCALE_H 1
| #define HAVE_ICONV 1
| #define HAVE_PREAD 1
| #define HAVE_PWRITE 1
| #define HAVE_STRLCPY 1
| #define HAVE_DAEMON 1
| #define HAVE_DIRNAME 1
| #define HAVE_BASENAME 1
| #define HAVE_CANONICALIZE_FILE_NAME 1
| #define HAVE_STRCASECMP 1
| #define HAVE_LOCALTIME_R 1
| #define HAVE_MEMMEM 1
| #define HAVE_STRSEP 1
| #define HAVE_STRTOLD 1
| #define HAVE_SYSLOG 1
| #define HAVE_VALLOC 1
| #define HAVE_GETPAGESIZE 1
| #define HAVE_POSIX_MEMALIGN 1
| #define HAVE_STATVFS 1
| #define HAVE_MKDTEMP 1
| #define HAVE_USELOCALE 1
| #define HAVE_PTHREAD 1
| /* end confdefs.h.  */
| #include <sys/types.h>
|  /* Check that off_t can represent 2**63 - 1 correctly.
|     We can't simply define LARGE_OFF_T to be 9223372036854775807,
|     since some C++ compilers masquerading as C compilers
|     incorrectly reject 9223372036854775807.  */
| #define LARGE_OFF_T ((((off_t) 1 << 31) << 31) - 1 + (((off_t) 1 << 31) << 31))
|   int off_t_is_large[(LARGE_OFF_T % 2147483629 == 721
| 		       && LARGE_OFF_T % 2147483647 == 1)
| 		      ? 1 : -1];
| int
| main ()
| {
| 
|   ;
|   return 0;
| }
configure:18883: arm-brcm-linux-uclibcgnueabi-gcc -c -Os -Wall -fno-delete-null-pointer-checks -funit-at-a-time 		--param large-function-growth=800 --param max-inline-insns-single=3000 		-ffunction-sections -fdata-sections -std=gnu99 -ggdb3 -Wall -W -Wpointer-arith -Wformat-security -Wundef -Wcast-align -Wstrict-prototypes -Wmissing-declarations -Wmissing-format-attribute -Wredundant-decls -Wnested-externs -Wunused-parameter -Wwrite-strings -Winline -Wfloat-equal -Wextra -Winit-self -Wvariadic-macros  -DNDEBUG conftest.c >&5
conftest.c:59:1: warning: function declaration isn't a prototype
configure:18883: $? = 0
configure:18891: result: 64
configure:18979: checking for library containing getmntent
configure:19010: arm-brcm-linux-uclibcgnueabi-gcc -o conftest -Os -Wall -fno-delete-null-pointer-checks -funit-at-a-time 		--param large-function-growth=800 --param max-inline-insns-single=3000 		-ffunction-sections -fdata-sections -std=gnu99 -ggdb3 -Wall -W -Wpointer-arith -Wformat-security -Wundef -Wcast-align -Wstrict-prototypes -Wmissing-declarations -Wmissing-format-attribute -Wredundant-decls -Wnested-externs -Wunused-parameter -Wwrite-strings -Winline -Wfloat-equal -Wextra -Winit-self -Wvariadic-macros  -DNDEBUG -ffunction-sections -fdata-sections -Wl,--gc-sections -fPIC 		-L/root/advancedtomat/release/src-rt-6.x.4708/router/zlib -L/root/advancedtomat/release/src-rt-6.x.4708/router/openssl -L/root/advancedtomat/release/src-rt-6.x.4708/router/libcurl/lib/.libs -L/root/advancedtomat/release/src-rt-6.x.4708/router/libevent/.libs conftest.c -lm  >&5
conftest.c:56:1: warning: function declaration isn't a prototype
conftest.c:58:1: warning: function declaration isn't a prototype
configure:19010: $? = 0
configure:19027: result: none required
configure:19043: checking whether posix_fadvise is declared
configure:19043: arm-brcm-linux-uclibcgnueabi-gcc -c -Os -Wall -fno-delete-null-pointer-checks -funit-at-a-time 		--param large-function-growth=800 --param max-inline-insns-single=3000 		-ffunction-sections -fdata-sections -std=gnu99 -ggdb3 -Wall -W -Wpointer-arith -Wformat-security -Wundef -Wcast-align -Wstrict-prototypes -Wmissing-declarations -Wmissing-format-attribute -Wredundant-decls -Wnested-externs -Wunused-parameter -Wwrite-strings -Winline -Wfloat-equal -Wextra -Winit-self -Wvariadic-macros  -DNDEBUG conftest.c >&5
conftest.c:55:1: warning: function declaration isn't a prototype
configure:19043: $? = 0
configure:19043: result: yes
configure:19059: checking for posix_fadvise
configure:19059: arm-brcm-linux-uclibcgnueabi-gcc -o conftest -Os -Wall -fno-delete-null-pointer-checks -funit-at-a-time 		--param large-function-growth=800 --param max-inline-insns-single=3000 		-ffunction-sections -fdata-sections -std=gnu99 -ggdb3 -Wall -W -Wpointer-arith -Wformat-security -Wundef -Wcast-align -Wstrict-prototypes -Wmissing-declarations -Wmissing-format-attribute -Wredundant-decls -Wnested-externs -Wunused-parameter -Wwrite-strings -Winline -Wfloat-equal -Wextra -Winit-self -Wvariadic-macros  -DNDEBUG -ffunction-sections -fdata-sections -Wl,--gc-sections -fPIC 		-L/root/advancedtomat/release/src-rt-6.x.4708/router/zlib -L/root/advancedtomat/release/src-rt-6.x.4708/router/openssl -L/root/advancedtomat/release/src-rt-6.x.4708/router/libcurl/lib/.libs -L/root/advancedtomat/release/src-rt-6.x.4708/router/libevent/.libs conftest.c -lm  >&5
conftest.c:74:1: warning: function declaration isn't a prototype
conftest.c:83:1: warning: function declaration isn't a prototype
configure:19059: $? = 0
configure:19059: result: yes
configure:19081: checking sys/inotify.h usability
configure:19081: arm-brcm-linux-uclibcgnueabi-gcc -c -Os -Wall -fno-delete-null-pointer-checks -funit-at-a-time 		--param large-function-growth=800 --param max-inline-insns-single=3000 		-ffunction-sections -fdata-sections -std=gnu99 -ggdb3 -Wall -W -Wpointer-arith -Wformat-security -Wundef -Wcast-align -Wstrict-prototypes -Wmissing-declarations -Wmissing-format-attribute -Wredundant-decls -Wnested-externs -Wunused-parameter -Wwrite-strings -Winline -Wfloat-equal -Wextra -Winit-self -Wvariadic-macros  -DNDEBUG conftest.c >&5
configure:19081: $? = 0
configure:19081: result: yes
configure:19081: checking sys/inotify.h presence
configure:19081: arm-brcm-linux-uclibcgnueabi-gcc -E  -DNDEBUG conftest.c
configure:19081: $? = 0
configure:19081: result: yes
configure:19081: checking for sys/inotify.h
configure:19081: result: yes
configure:19083: checking for inotify_init
configure:19083: arm-brcm-linux-uclibcgnueabi-gcc -o conftest -Os -Wall -fno-delete-null-pointer-checks -funit-at-a-time 		--param large-function-growth=800 --param max-inline-insns-single=3000 		-ffunction-sections -fdata-sections -std=gnu99 -ggdb3 -Wall -W -Wpointer-arith -Wformat-security -Wundef -Wcast-align -Wstrict-prototypes -Wmissing-declarations -Wmissing-format-attribute -Wredundant-decls -Wnested-externs -Wunused-parameter -Wwrite-strings -Winline -Wfloat-equal -Wextra -Winit-self -Wvariadic-macros  -DNDEBUG -ffunction-sections -fdata-sections -Wl,--gc-sections -fPIC 		-L/root/advancedtomat/release/src-rt-6.x.4708/router/zlib -L/root/advancedtomat/release/src-rt-6.x.4708/router/openssl -L/root/advancedtomat/release/src-rt-6.x.4708/router/libcurl/lib/.libs -L/root/advancedtomat/release/src-rt-6.x.4708/router/libevent/.libs conftest.c -lm  >&5
conftest.c:75:1: warning: function declaration isn't a prototype
conftest.c:84:1: warning: function declaration isn't a prototype
configure:19083: $? = 0
configure:19083: result: yes
configure:19115: checking sys/event.h usability
configure:19115: arm-brcm-linux-uclibcgnueabi-gcc -c -Os -Wall -fno-delete-null-pointer-checks -funit-at-a-time 		--param large-function-growth=800 --param max-inline-insns-single=3000 		-ffunction-sections -fdata-sections -std=gnu99 -ggdb3 -Wall -W -Wpointer-arith -Wformat-security -Wundef -Wcast-align -Wstrict-prototypes -Wmissing-declarations -Wmissing-format-attribute -Wredundant-decls -Wnested-externs -Wunused-parameter -Wwrite-strings -Winline -Wfloat-equal -Wextra -Winit-self -Wvariadic-macros  -DNDEBUG conftest.c >&5
conftest.c:85:23: fatal error: sys/event.h: No such file or directory
compilation terminated.
configure:19115: $? = 1
configure: failed program was:
| /* confdefs.h */
| #define PACKAGE_NAME "transmission"
| #define PACKAGE_TARNAME "transmission"
| #define PACKAGE_VERSION "2.93"
| #define PACKAGE_STRING "transmission 2.93"
| #define PACKAGE_BUGREPORT "https://github.com/transmission/transmission"
| #define PACKAGE_URL ""
| #define PACKAGE "transmission"
| #define VERSION "2.93"
| #define STDC_HEADERS 1
| #define HAVE_SYS_TYPES_H 1
| #define HAVE_SYS_STAT_H 1
| #define HAVE_STDLIB_H 1
| #define HAVE_STRING_H 1
| #define HAVE_MEMORY_H 1
| #define HAVE_STRINGS_H 1
| #define HAVE_INTTYPES_H 1
| #define HAVE_STDINT_H 1
| #define HAVE_UNISTD_H 1
| #define HAVE_DLFCN_H 1
| #define LT_OBJDIR ".libs/"
| #define STDC_HEADERS 1
| #define TIME_WITH_SYS_TIME 1
| #define HAVE_STDBOOL_H 1
| #define HAVE_XLOCALE_H 1
| #define HAVE_ICONV 1
| #define HAVE_PREAD 1
| #define HAVE_PWRITE 1
| #define HAVE_STRLCPY 1
| #define HAVE_DAEMON 1
| #define HAVE_DIRNAME 1
| #define HAVE_BASENAME 1
| #define HAVE_CANONICALIZE_FILE_NAME 1
| #define HAVE_STRCASECMP 1
| #define HAVE_LOCALTIME_R 1
| #define HAVE_MEMMEM 1
| #define HAVE_STRSEP 1
| #define HAVE_STRTOLD 1
| #define HAVE_SYSLOG 1
| #define HAVE_VALLOC 1
| #define HAVE_GETPAGESIZE 1
| #define HAVE_POSIX_MEMALIGN 1
| #define HAVE_STATVFS 1
| #define HAVE_MKDTEMP 1
| #define HAVE_USELOCALE 1
| #define HAVE_PTHREAD 1
| #define _FILE_OFFSET_BITS 64
| #define HAVE_GETMNTENT 1
| #define HAVE_DECL_POSIX_FADVISE 1
| #define HAVE_POSIX_FADVISE 1
| /* end confdefs.h.  */
| #include <stdio.h>
| #ifdef HAVE_SYS_TYPES_H
| # include <sys/types.h>
| #endif
| #ifdef HAVE_SYS_STAT_H
| # include <sys/stat.h>
| #endif
| #ifdef STDC_HEADERS
| # include <stdlib.h>
| # include <stddef.h>
| #else
| # ifdef HAVE_STDLIB_H
| #  include <stdlib.h>
| # endif
| #endif
| #ifdef HAVE_STRING_H
| # if !defined STDC_HEADERS && defined HAVE_MEMORY_H
| #  include <memory.h>
| # endif
| # include <string.h>
| #endif
| #ifdef HAVE_STRINGS_H
| # include <strings.h>
| #endif
| #ifdef HAVE_INTTYPES_H
| # include <inttypes.h>
| #endif
| #ifdef HAVE_STDINT_H
| # include <stdint.h>
| #endif
| #ifdef HAVE_UNISTD_H
| # include <unistd.h>
| #endif
| #include <sys/event.h>
configure:19115: result: no
configure:19115: checking sys/event.h presence
configure:19115: arm-brcm-linux-uclibcgnueabi-gcc -E  -DNDEBUG conftest.c
conftest.c:52:23: fatal error: sys/event.h: No such file or directory
compilation terminated.
configure:19115: $? = 1
configure: failed program was:
| /* confdefs.h */
| #define PACKAGE_NAME "transmission"
| #define PACKAGE_TARNAME "transmission"
| #define PACKAGE_VERSION "2.93"
| #define PACKAGE_STRING "transmission 2.93"
| #define PACKAGE_BUGREPORT "https://github.com/transmission/transmission"
| #define PACKAGE_URL ""
| #define PACKAGE "transmission"
| #define VERSION "2.93"
| #define STDC_HEADERS 1
| #define HAVE_SYS_TYPES_H 1
| #define HAVE_SYS_STAT_H 1
| #define HAVE_STDLIB_H 1
| #define HAVE_STRING_H 1
| #define HAVE_MEMORY_H 1
| #define HAVE_STRINGS_H 1
| #define HAVE_INTTYPES_H 1
| #define HAVE_STDINT_H 1
| #define HAVE_UNISTD_H 1
| #define HAVE_DLFCN_H 1
| #define LT_OBJDIR ".libs/"
| #define STDC_HEADERS 1
| #define TIME_WITH_SYS_TIME 1
| #define HAVE_STDBOOL_H 1
| #define HAVE_XLOCALE_H 1
| #define HAVE_ICONV 1
| #define HAVE_PREAD 1
| #define HAVE_PWRITE 1
| #define HAVE_STRLCPY 1
| #define HAVE_DAEMON 1
| #define HAVE_DIRNAME 1
| #define HAVE_BASENAME 1
| #define HAVE_CANONICALIZE_FILE_NAME 1
| #define HAVE_STRCASECMP 1
| #define HAVE_LOCALTIME_R 1
| #define HAVE_MEMMEM 1
| #define HAVE_STRSEP 1
| #define HAVE_STRTOLD 1
| #define HAVE_SYSLOG 1
| #define HAVE_VALLOC 1
| #define HAVE_GETPAGESIZE 1
| #define HAVE_POSIX_MEMALIGN 1
| #define HAVE_STATVFS 1
| #define HAVE_MKDTEMP 1
| #define HAVE_USELOCALE 1
| #define HAVE_PTHREAD 1
| #define _FILE_OFFSET_BITS 64
| #define HAVE_GETMNTENT 1
| #define HAVE_DECL_POSIX_FADVISE 1
| #define HAVE_POSIX_FADVISE 1
| /* end confdefs.h.  */
| #include <sys/event.h>
configure:19115: result: no
configure:19115: checking for sys/event.h
configure:19115: result: no
configure:19144: checking sys/statvfs.h usability
configure:19144: arm-brcm-linux-uclibcgnueabi-gcc -c -Os -Wall -fno-delete-null-pointer-checks -funit-at-a-time 		--param large-function-growth=800 --param max-inline-insns-single=3000 		-ffunction-sections -fdata-sections -std=gnu99 -ggdb3 -Wall -W -Wpointer-arith -Wformat-security -Wundef -Wcast-align -Wstrict-prototypes -Wmissing-declarations -Wmissing-format-attribute -Wredundant-decls -Wnested-externs -Wunused-parameter -Wwrite-strings -Winline -Wfloat-equal -Wextra -Winit-self -Wvariadic-macros  -DNDEBUG conftest.c >&5
configure:19144: $? = 0
configure:19144: result: yes
configure:19144: checking sys/statvfs.h presence
configure:19144: arm-brcm-linux-uclibcgnueabi-gcc -E  -DNDEBUG conftest.c
configure:19144: $? = 0
configure:19144: result: yes
configure:19144: checking for sys/statvfs.h
configure:19144: result: yes
configure:19144: checking xfs/xfs.h usability
configure:19144: arm-brcm-linux-uclibcgnueabi-gcc -c -Os -Wall -fno-delete-null-pointer-checks -funit-at-a-time 		--param large-function-growth=800 --param max-inline-insns-single=3000 		-ffunction-sections -fdata-sections -std=gnu99 -ggdb3 -Wall -W -Wpointer-arith -Wformat-security -Wundef -Wcast-align -Wstrict-prototypes -Wmissing-declarations -Wmissing-format-attribute -Wredundant-decls -Wnested-externs -Wunused-parameter -Wwrite-strings -Winline -Wfloat-equal -Wextra -Winit-self -Wvariadic-macros  -DNDEBUG conftest.c >&5
conftest.c:86:21: fatal error: xfs/xfs.h: No such file or directory
compilation terminated.
configure:19144: $? = 1
configure: failed program was:
| /* confdefs.h */
| #define PACKAGE_NAME "transmission"
| #define PACKAGE_TARNAME "transmission"
| #define PACKAGE_VERSION "2.93"
| #define PACKAGE_STRING "transmission 2.93"
| #define PACKAGE_BUGREPORT "https://github.com/transmission/transmission"
| #define PACKAGE_URL ""
| #define PACKAGE "transmission"
| #define VERSION "2.93"
| #define STDC_HEADERS 1
| #define HAVE_SYS_TYPES_H 1
| #define HAVE_SYS_STAT_H 1
| #define HAVE_STDLIB_H 1
| #define HAVE_STRING_H 1
| #define HAVE_MEMORY_H 1
| #define HAVE_STRINGS_H 1
| #define HAVE_INTTYPES_H 1
| #define HAVE_STDINT_H 1
| #define HAVE_UNISTD_H 1
| #define HAVE_DLFCN_H 1
| #define LT_OBJDIR ".libs/"
| #define STDC_HEADERS 1
| #define TIME_WITH_SYS_TIME 1
| #define HAVE_STDBOOL_H 1
| #define HAVE_XLOCALE_H 1
| #define HAVE_ICONV 1
| #define HAVE_PREAD 1
| #define HAVE_PWRITE 1
| #define HAVE_STRLCPY 1
| #define HAVE_DAEMON 1
| #define HAVE_DIRNAME 1
| #define HAVE_BASENAME 1
| #define HAVE_CANONICALIZE_FILE_NAME 1
| #define HAVE_STRCASECMP 1
| #define HAVE_LOCALTIME_R 1
| #define HAVE_MEMMEM 1
| #define HAVE_STRSEP 1
| #define HAVE_STRTOLD 1
| #define HAVE_SYSLOG 1
| #define HAVE_VALLOC 1
| #define HAVE_GETPAGESIZE 1
| #define HAVE_POSIX_MEMALIGN 1
| #define HAVE_STATVFS 1
| #define HAVE_MKDTEMP 1
| #define HAVE_USELOCALE 1
| #define HAVE_PTHREAD 1
| #define _FILE_OFFSET_BITS 64
| #define HAVE_GETMNTENT 1
| #define HAVE_DECL_POSIX_FADVISE 1
| #define HAVE_POSIX_FADVISE 1
| #define HAVE_SYS_STATVFS_H 1
| /* end confdefs.h.  */
| #include <stdio.h>
| #ifdef HAVE_SYS_TYPES_H
| # include <sys/types.h>
| #endif
| #ifdef HAVE_SYS_STAT_H
| # include <sys/stat.h>
| #endif
| #ifdef STDC_HEADERS
| # include <stdlib.h>
| # include <stddef.h>
| #else
| # ifdef HAVE_STDLIB_H
| #  include <stdlib.h>
| # endif
| #endif
| #ifdef HAVE_STRING_H
| # if !defined STDC_HEADERS && defined HAVE_MEMORY_H
| #  include <memory.h>
| # endif
| # include <string.h>
| #endif
| #ifdef HAVE_STRINGS_H
| # include <strings.h>
| #endif
| #ifdef HAVE_INTTYPES_H
| # include <inttypes.h>
| #endif
| #ifdef HAVE_STDINT_H
| # include <stdint.h>
| #endif
| #ifdef HAVE_UNISTD_H
| # include <unistd.h>
| #endif
| #include <xfs/xfs.h>
configure:19144: result: no
configure:19144: checking xfs/xfs.h presence
configure:19144: arm-brcm-linux-uclibcgnueabi-gcc -E  -DNDEBUG conftest.c
conftest.c:53:21: fatal error: xfs/xfs.h: No such file or directory
compilation terminated.
configure:19144: $? = 1
configure: failed program was:
| /* confdefs.h */
| #define PACKAGE_NAME "transmission"
| #define PACKAGE_TARNAME "transmission"
| #define PACKAGE_VERSION "2.93"
| #define PACKAGE_STRING "transmission 2.93"
| #define PACKAGE_BUGREPORT "https://github.com/transmission/transmission"
| #define PACKAGE_URL ""
| #define PACKAGE "transmission"
| #define VERSION "2.93"
| #define STDC_HEADERS 1
| #define HAVE_SYS_TYPES_H 1
| #define HAVE_SYS_STAT_H 1
| #define HAVE_STDLIB_H 1
| #define HAVE_STRING_H 1
| #define HAVE_MEMORY_H 1
| #define HAVE_STRINGS_H 1
| #define HAVE_INTTYPES_H 1
| #define HAVE_STDINT_H 1
| #define HAVE_UNISTD_H 1
| #define HAVE_DLFCN_H 1
| #define LT_OBJDIR ".libs/"
| #define STDC_HEADERS 1
| #define TIME_WITH_SYS_TIME 1
| #define HAVE_STDBOOL_H 1
| #define HAVE_XLOCALE_H 1
| #define HAVE_ICONV 1
| #define HAVE_PREAD 1
| #define HAVE_PWRITE 1
| #define HAVE_STRLCPY 1
| #define HAVE_DAEMON 1
| #define HAVE_DIRNAME 1
| #define HAVE_BASENAME 1
| #define HAVE_CANONICALIZE_FILE_NAME 1
| #define HAVE_STRCASECMP 1
| #define HAVE_LOCALTIME_R 1
| #define HAVE_MEMMEM 1
| #define HAVE_STRSEP 1
| #define HAVE_STRTOLD 1
| #define HAVE_SYSLOG 1
| #define HAVE_VALLOC 1
| #define HAVE_GETPAGESIZE 1
| #define HAVE_POSIX_MEMALIGN 1
| #define HAVE_STATVFS 1
| #define HAVE_MKDTEMP 1
| #define HAVE_USELOCALE 1
| #define HAVE_PTHREAD 1
| #define _FILE_OFFSET_BITS 64
| #define HAVE_GETMNTENT 1
| #define HAVE_DECL_POSIX_FADVISE 1
| #define HAVE_POSIX_FADVISE 1
| #define HAVE_SYS_STATVFS_H 1
| /* end confdefs.h.  */
| #include <xfs/xfs.h>
configure:19144: result: no
configure:19144: checking for xfs/xfs.h
configure:19144: result: no
configure:19171: checking for SYSTEMD_DAEMON
configure:19179: $PKG_CONFIG --exists --print-errors "libsystemd-daemon"
Package libsystemd-daemon was not found in the pkg-config search path.
Perhaps you should add the directory containing `libsystemd-daemon.pc'
to the PKG_CONFIG_PATH environment variable
No package 'libsystemd-daemon' found
configure:19182: $? = 1
configure:19197: $PKG_CONFIG --exists --print-errors "libsystemd-daemon"
Package libsystemd-daemon was not found in the pkg-config search path.
Perhaps you should add the directory containing `libsystemd-daemon.pc'
to the PKG_CONFIG_PATH environment variable
No package 'libsystemd-daemon' found
configure:19200: $? = 1
No package 'libsystemd-daemon' found
configure:19228: result: no
configure:19319: checking for clock_gettime in -lrt
configure:19344: arm-brcm-linux-uclibcgnueabi-gcc -o conftest -Os -Wall -fno-delete-null-pointer-checks -funit-at-a-time 		--param large-function-growth=800 --param max-inline-insns-single=3000 		-ffunction-sections -fdata-sections -std=gnu99 -ggdb3 -Wall -W -Wpointer-arith -Wformat-security -Wundef -Wcast-align -Wstrict-prototypes -Wmissing-declarations -Wmissing-format-attribute -Wredundant-decls -Wnested-externs -Wunused-parameter -Wwrite-strings -Winline -Wfloat-equal -Wextra -Winit-self -Wvariadic-macros  -DNDEBUG -ffunction-sections -fdata-sections -Wl,--gc-sections -fPIC 		-L/root/advancedtomat/release/src-rt-6.x.4708/router/zlib -L/root/advancedtomat/release/src-rt-6.x.4708/router/openssl -L/root/advancedtomat/release/src-rt-6.x.4708/router/libcurl/lib/.libs -L/root/advancedtomat/release/src-rt-6.x.4708/router/libevent/.libs conftest.c -lrt  -lm  >&5
conftest.c:60:1: warning: function declaration isn't a prototype
conftest.c:62:1: warning: function declaration isn't a prototype
configure:19344: $? = 0
configure:19353: result: yes
configure:19362: checking TP
configure:19379: arm-brcm-linux-uclibcgnueabi-gcc -o conftest -Os -Wall -fno-delete-null-pointer-checks -funit-at-a-time 		--param large-function-growth=800 --param max-inline-insns-single=3000 		-ffunction-sections -fdata-sections -std=gnu99 -ggdb3 -Wall -W -Wpointer-arith -Wformat-security -Wundef -Wcast-align -Wstrict-prototypes -Wmissing-declarations -Wmissing-format-attribute -Wredundant-decls -Wnested-externs -Wunused-parameter -Wwrite-strings -Winline -Wfloat-equal -Wextra -Winit-self -Wvariadic-macros  -DNDEBUG -ffunction-sections -fdata-sections -Wl,--gc-sections -fPIC 		-L/root/advancedtomat/release/src-rt-6.x.4708/router/zlib -L/root/advancedtomat/release/src-rt-6.x.4708/router/openssl -L/root/advancedtomat/release/src-rt-6.x.4708/router/libcurl/lib/.libs -L/root/advancedtomat/release/src-rt-6.x.4708/router/libevent/.libs conftest.c -lutp >&5
conftest.c:53:24: fatal error: libutp/utp.h: No such file or directory
compilation terminated.
configure:19379: $? = 1
configure: failed program was:
| /* confdefs.h */
| #define PACKAGE_NAME "transmission"
| #define PACKAGE_TARNAME "transmission"
| #define PACKAGE_VERSION "2.93"
| #define PACKAGE_STRING "transmission 2.93"
| #define PACKAGE_BUGREPORT "https://github.com/transmission/transmission"
| #define PACKAGE_URL ""
| #define PACKAGE "transmission"
| #define VERSION "2.93"
| #define STDC_HEADERS 1
| #define HAVE_SYS_TYPES_H 1
| #define HAVE_SYS_STAT_H 1
| #define HAVE_STDLIB_H 1
| #define HAVE_STRING_H 1
| #define HAVE_MEMORY_H 1
| #define HAVE_STRINGS_H 1
| #define HAVE_INTTYPES_H 1
| #define HAVE_STDINT_H 1
| #define HAVE_UNISTD_H 1
| #define HAVE_DLFCN_H 1
| #define LT_OBJDIR ".libs/"
| #define STDC_HEADERS 1
| #define TIME_WITH_SYS_TIME 1
| #define HAVE_STDBOOL_H 1
| #define HAVE_XLOCALE_H 1
| #define HAVE_ICONV 1
| #define HAVE_PREAD 1
| #define HAVE_PWRITE 1
| #define HAVE_STRLCPY 1
| #define HAVE_DAEMON 1
| #define HAVE_DIRNAME 1
| #define HAVE_BASENAME 1
| #define HAVE_CANONICALIZE_FILE_NAME 1
| #define HAVE_STRCASECMP 1
| #define HAVE_LOCALTIME_R 1
| #define HAVE_MEMMEM 1
| #define HAVE_STRSEP 1
| #define HAVE_STRTOLD 1
| #define HAVE_SYSLOG 1
| #define HAVE_VALLOC 1
| #define HAVE_GETPAGESIZE 1
| #define HAVE_POSIX_MEMALIGN 1
| #define HAVE_STATVFS 1
| #define HAVE_MKDTEMP 1
| #define HAVE_USELOCALE 1
| #define HAVE_PTHREAD 1
| #define _FILE_OFFSET_BITS 64
| #define HAVE_GETMNTENT 1
| #define HAVE_DECL_POSIX_FADVISE 1
| #define HAVE_POSIX_FADVISE 1
| #define HAVE_SYS_STATVFS_H 1
| /* end confdefs.h.  */
| #include <libutp/utp.h>
| int
| main ()
| {
| struct UTPFunctionTable func;
|   ;
|   return 0;
| }
configure:19436: result: yes
configure:19443: checking system miniupnpc library
configure:19457: arm-brcm-linux-uclibcgnueabi-gcc -o conftest -Os -Wall -fno-delete-null-pointer-checks -funit-at-a-time 		--param large-function-growth=800 --param max-inline-insns-single=3000 		-ffunction-sections -fdata-sections -std=gnu99 -ggdb3 -Wall -W -Wpointer-arith -Wformat-security -Wundef -Wcast-align -Wstrict-prototypes -Wmissing-declarations -Wmissing-format-attribute -Wredundant-decls -Wnested-externs -Wunused-parameter -Wwrite-strings -Winline -Wfloat-equal -Wextra -Winit-self -Wvariadic-macros  -DNDEBUG -ffunction-sections -fdata-sections -Wl,--gc-sections -fPIC 		-L/root/advancedtomat/release/src-rt-6.x.4708/router/zlib -L/root/advancedtomat/release/src-rt-6.x.4708/router/openssl -L/root/advancedtomat/release/src-rt-6.x.4708/router/libcurl/lib/.libs -L/root/advancedtomat/release/src-rt-6.x.4708/router/libevent/.libs conftest.c -lminiupnpc >&5
conftest.c:54:33: fatal error: miniupnpc/miniupnpc.h: No such file or directory
compilation terminated.
configure:19457: $? = 1
configure: failed program was:
| /* confdefs.h */
| #define PACKAGE_NAME "transmission"
| #define PACKAGE_TARNAME "transmission"
| #define PACKAGE_VERSION "2.93"
| #define PACKAGE_STRING "transmission 2.93"
| #define PACKAGE_BUGREPORT "https://github.com/transmission/transmission"
| #define PACKAGE_URL ""
| #define PACKAGE "transmission"
| #define VERSION "2.93"
| #define STDC_HEADERS 1
| #define HAVE_SYS_TYPES_H 1
| #define HAVE_SYS_STAT_H 1
| #define HAVE_STDLIB_H 1
| #define HAVE_STRING_H 1
| #define HAVE_MEMORY_H 1
| #define HAVE_STRINGS_H 1
| #define HAVE_INTTYPES_H 1
| #define HAVE_STDINT_H 1
| #define HAVE_UNISTD_H 1
| #define HAVE_DLFCN_H 1
| #define LT_OBJDIR ".libs/"
| #define STDC_HEADERS 1
| #define TIME_WITH_SYS_TIME 1
| #define HAVE_STDBOOL_H 1
| #define HAVE_XLOCALE_H 1
| #define HAVE_ICONV 1
| #define HAVE_PREAD 1
| #define HAVE_PWRITE 1
| #define HAVE_STRLCPY 1
| #define HAVE_DAEMON 1
| #define HAVE_DIRNAME 1
| #define HAVE_BASENAME 1
| #define HAVE_CANONICALIZE_FILE_NAME 1
| #define HAVE_STRCASECMP 1
| #define HAVE_LOCALTIME_R 1
| #define HAVE_MEMMEM 1
| #define HAVE_STRSEP 1
| #define HAVE_STRTOLD 1
| #define HAVE_SYSLOG 1
| #define HAVE_VALLOC 1
| #define HAVE_GETPAGESIZE 1
| #define HAVE_POSIX_MEMALIGN 1
| #define HAVE_STATVFS 1
| #define HAVE_MKDTEMP 1
| #define HAVE_USELOCALE 1
| #define HAVE_PTHREAD 1
| #define _FILE_OFFSET_BITS 64
| #define HAVE_GETMNTENT 1
| #define HAVE_DECL_POSIX_FADVISE 1
| #define HAVE_POSIX_FADVISE 1
| #define HAVE_SYS_STATVFS_H 1
| #define WITH_UTP 1
| /* end confdefs.h.  */
| #include <miniupnpc/miniupnpc.h>
| int
| main ()
| {
| struct UPNPDev dev;
|   ;
|   return 0;
| }
configure:19581: result: none
configure:19653: $PKG_CONFIG --exists --print-errors "gtk+-3.0 >= $GTK_MINIMUM
                  glib-2.0 >= $GLIB_MINIMUM
                  gio-2.0 >= $GIO_MINIMUM,
                  gmodule-2.0 >= $GLIB_MINIMUM
                  gthread-2.0 >= $GLIB_MINIMUM"
Package gtk+-3.0 was not found in the pkg-config search path.
Perhaps you should add the directory containing `gtk+-3.0.pc'
to the PKG_CONFIG_PATH environment variable
No package 'gtk+-3.0' found
configure:19660: $? = 1
configure:21496: checking that generated files are newer than configure
configure:21502: result: done
configure:21605: creating ./config.status

## ---------------------- ##
## Running config.status. ##
## ---------------------- ##

This file was extended by transmission config.status 2.93, which was
generated by GNU Autoconf 2.69.  Invocation command line was

  CONFIG_FILES    = 
  CONFIG_HEADERS  = 
  CONFIG_LINKS    = 
  CONFIG_COMMANDS = 
  $ ./config.status 

on debian

config.status:1246: creating Makefile
config.status:1246: creating transmission-gtk.spec
config.status:1246: creating cli/Makefile
config.status:1246: creating daemon/Makefile
config.status:1246: creating extras/Makefile
config.status:1246: creating libtransmission/Makefile
config.status:1246: creating utils/Makefile
config.status:1246: creating third-party/Makefile
config.status:1246: creating third-party/dht/Makefile
config.status:1246: creating third-party/libb64/Makefile
config.status:1246: creating third-party/libutp/Makefile
config.status:1246: creating third-party/libnatpmp/Makefile
config.status:1246: creating third-party/miniupnp/Makefile
config.status:1246: creating macosx/Makefile
config.status:1246: creating gtk/Makefile
config.status:1246: creating gtk/icons/Makefile
config.status:1246: creating qt/config.pri
config.status:1246: creating web/Makefile
config.status:1246: creating web/images/Makefile
config.status:1246: creating web/style/Makefile
config.status:1246: creating web/style/jqueryui/Makefile
config.status:1246: creating web/style/jqueryui/images/Makefile
config.status:1246: creating web/style/transmission/Makefile
config.status:1246: creating web/style/transmission/images/Makefile
config.status:1246: creating web/style/transmission/images/buttons/Makefile
config.status:1246: creating web/javascript/Makefile
config.status:1246: creating web/javascript/jquery/Makefile
config.status:1246: creating po/Makefile.in
config.status:1418: executing depfiles commands
config.status:1418: executing libtool commands
config.status:1418: executing po/stamp-it commands

## ---------------- ##
## Cache variables. ##
## ---------------- ##

ac_cv_build=x86_64-pc-linux-gnu
ac_cv_c_compiler_gnu=yes
ac_cv_c_inline=inline
ac_cv_cxx_compiler_gnu=yes
ac_cv_env_CCC_set=
ac_cv_env_CCC_value=
ac_cv_env_CC_set=set
ac_cv_env_CC_value=arm-brcm-linux-uclibcgnueabi-gcc
ac_cv_env_CFLAGS_set=set
ac_cv_env_CFLAGS_value='-Os -Wall -fno-delete-null-pointer-checks -funit-at-a-time 		--param large-function-growth=800 --param max-inline-insns-single=3000 		-ffunction-sections -fdata-sections'
ac_cv_env_CPPFLAGS_set=
ac_cv_env_CPPFLAGS_value=
ac_cv_env_CPP_set=
ac_cv_env_CPP_value=
ac_cv_env_CXXCPP_set=
ac_cv_env_CXXCPP_value=
ac_cv_env_CXXFLAGS_set=
ac_cv_env_CXXFLAGS_value=
ac_cv_env_CXX_set=
ac_cv_env_CXX_value=
ac_cv_env_CYASSL_CFLAGS_set=
ac_cv_env_CYASSL_CFLAGS_value=
ac_cv_env_CYASSL_LIBS_set=
ac_cv_env_CYASSL_LIBS_value=
ac_cv_env_GTK_CFLAGS_set=
ac_cv_env_GTK_CFLAGS_value=
ac_cv_env_GTK_LIBS_set=
ac_cv_env_GTK_LIBS_value=
ac_cv_env_LDFLAGS_set=set
ac_cv_env_LDFLAGS_value='-ffunction-sections -fdata-sections -Wl,--gc-sections -fPIC 		-L/root/advancedtomat/release/src-rt-6.x.4708/router/zlib -L/root/advancedtomat/release/src-rt-6.x.4708/router/openssl -L/root/advancedtomat/release/src-rt-6.x.4708/router/libcurl/lib/.libs -L/root/advancedtomat/release/src-rt-6.x.4708/router/libevent/.libs'
ac_cv_env_LIBAPPINDICATOR_CFLAGS_set=
ac_cv_env_LIBAPPINDICATOR_CFLAGS_value=
ac_cv_env_LIBAPPINDICATOR_LIBS_set=
ac_cv_env_LIBAPPINDICATOR_LIBS_value=
ac_cv_env_LIBCURL_CFLAGS_set=set
ac_cv_env_LIBCURL_CFLAGS_value=-I/root/advancedtomat/release/src-rt-6.x.4708/router/libcurl/include
ac_cv_env_LIBCURL_LIBS_set=set
ac_cv_env_LIBCURL_LIBS_value=-lcurl
ac_cv_env_LIBEVENT_CFLAGS_set=set
ac_cv_env_LIBEVENT_CFLAGS_value=-I/root/advancedtomat/release/src-rt-6.x.4708/router/libevent/include
ac_cv_env_LIBEVENT_LIBS_set=set
ac_cv_env_LIBEVENT_LIBS_value=-levent
ac_cv_env_LIBS_set=
ac_cv_env_LIBS_value=
ac_cv_env_LT_SYS_LIBRARY_PATH_set=
ac_cv_env_LT_SYS_LIBRARY_PATH_value=
ac_cv_env_OPENSSL_CFLAGS_set=set
ac_cv_env_OPENSSL_CFLAGS_value=-I/root/advancedtomat/release/src-rt-6.x.4708/router/openssl/include
ac_cv_env_OPENSSL_LIBS_set=set
ac_cv_env_OPENSSL_LIBS_value='-lcrypto -lssl'
ac_cv_env_PKG_CONFIG_set=
ac_cv_env_PKG_CONFIG_value=
ac_cv_env_SYSTEMD_DAEMON_CFLAGS_set=
ac_cv_env_SYSTEMD_DAEMON_CFLAGS_value=
ac_cv_env_SYSTEMD_DAEMON_LIBS_set=
ac_cv_env_SYSTEMD_DAEMON_LIBS_value=
ac_cv_env_WOLFSSL_CFLAGS_set=
ac_cv_env_WOLFSSL_CFLAGS_value=
ac_cv_env_WOLFSSL_LIBS_set=
ac_cv_env_WOLFSSL_LIBS_value=
ac_cv_env_ZLIB_CFLAGS_set=set
ac_cv_env_ZLIB_CFLAGS_value=-I/root/advancedtomat/release/src-rt-6.x.4708/router/zlib
ac_cv_env_ZLIB_LIBS_set=set
ac_cv_env_ZLIB_LIBS_value=-lz
ac_cv_env_build_alias_set=set
ac_cv_env_build_alias_value=x86_64-linux-gnu
ac_cv_env_host_alias_set=set
ac_cv_env_host_alias_value=arm-linux
ac_cv_env_target_alias_set=set
ac_cv_env_target_alias_value=arm-linux
ac_cv_func__configthreadlocale=no
ac_cv_func_basename=yes
ac_cv_func_canonicalize_file_name=yes
ac_cv_func_daemon=yes
ac_cv_func_dirname=yes
ac_cv_func_fallocate64=no
ac_cv_func_getmntent=yes
ac_cv_func_getpagesize=yes
ac_cv_func_htonll=no
ac_cv_func_iconv=yes
ac_cv_func_inotify_init=yes
ac_cv_func_localtime_r=yes
ac_cv_func_lrintf=no
ac_cv_func_malloc_0_nonnull=yes
ac_cv_func_memmem=yes
ac_cv_func_mkdtemp=yes
ac_cv_func_ntohll=no
ac_cv_func_posix_fadvise=yes
ac_cv_func_posix_fallocate=no
ac_cv_func_posix_memalign=yes
ac_cv_func_pread=yes
ac_cv_func_pwrite=yes
ac_cv_func_statvfs=yes
ac_cv_func_strcasecmp=yes
ac_cv_func_strlcpy=yes
ac_cv_func_strsep=yes
ac_cv_func_strtold=yes
ac_cv_func_syslog=yes
ac_cv_func_uselocale=yes
ac_cv_func_valloc=yes
ac_cv_have_decl_posix_fadvise=yes
ac_cv_header_dlfcn_h=yes
ac_cv_header_inttypes_h=yes
ac_cv_header_memory_h=yes
ac_cv_header_stdbool_h=yes
ac_cv_header_stdc=yes
ac_cv_header_stdint_h=yes
ac_cv_header_stdlib_h=yes
ac_cv_header_string_h=yes
ac_cv_header_strings_h=yes
ac_cv_header_sys_event_h=no
ac_cv_header_sys_inotify_h=yes
ac_cv_header_sys_stat_h=yes
ac_cv_header_sys_statvfs_h=yes
ac_cv_header_sys_types_h=yes
ac_cv_header_time=yes
ac_cv_header_unistd_h=yes
ac_cv_header_xfs_xfs_h=no
ac_cv_header_xlocale_h=yes
ac_cv_host=arm-unknown-linux-gnu
ac_cv_lib_m_cos=yes
ac_cv_lib_rt_clock_gettime=yes
ac_cv_objext=o
ac_cv_path_EGREP='/bin/grep -E'
ac_cv_path_FGREP='/bin/grep -F'
ac_cv_path_GREP=/bin/grep
ac_cv_path_SED=/bin/sed
ac_cv_path_ac_pt_PKG_CONFIG=/usr/bin/pkg-config
ac_cv_path_install='/usr/bin/install -c'
ac_cv_path_lt_DD=/bin/dd
ac_cv_path_mkdir=/bin/mkdir
ac_cv_prog_AR=arm-brcm-linux-uclibcgnueabi-ar
ac_cv_prog_AWK=gawk
ac_cv_prog_CC=arm-brcm-linux-uclibcgnueabi-gcc
ac_cv_prog_CPP='arm-brcm-linux-uclibcgnueabi-gcc -E'
ac_cv_prog_CXX=arm-linux-g++
ac_cv_prog_CXXCPP='arm-linux-g++ -E'
ac_cv_prog_RANLIB=arm-brcm-linux-uclibcgnueabi-ranlib
ac_cv_prog_STRIP=arm-brcm-linux-uclibcgnueabi-strip
ac_cv_prog_ac_ct_MANIFEST_TOOL=mt
ac_cv_prog_ac_ct_OBJDUMP=objdump
ac_cv_prog_cc_c89=
ac_cv_prog_cc_g=yes
ac_cv_prog_cxx_g=yes
ac_cv_prog_make_make_set=yes
ac_cv_search_cos=-lm
ac_cv_search_gethostbyname='none required'
ac_cv_search_getmntent='none required'
ac_cv_search_quotacursor_skipidtype=no
ac_cv_search_socket='none required'
ac_cv_sys_file_offset_bits=64
ac_cv_sys_largefile_CC=no
am_cv_CC_dependencies_compiler_type=gcc3
am_cv_CXX_dependencies_compiler_type=gcc3
am_cv_make_support_nested_variables=yes
am_cv_prog_cc_c_o=yes
am_cv_prog_tar_pax=gnutar
lt_cv_ar_at_file=@
lt_cv_archive_cmds_need_lc=no
lt_cv_deplibs_check_method=pass_all
lt_cv_file_magic_cmd='$MAGIC_CMD'
lt_cv_file_magic_test_file=
lt_cv_ld_reload_flag=-r
lt_cv_nm_interface='BSD nm'
lt_cv_objdir=.libs
lt_cv_path_LD=arm-brcm-linux-uclibcgnueabi-ld
lt_cv_path_LDCXX=arm-brcm-linux-uclibcgnueabi-ld
lt_cv_path_NM=arm-brcm-linux-uclibcgnueabi-nm
lt_cv_path_mainfest_tool=no
lt_cv_prog_compiler_c_o=yes
lt_cv_prog_compiler_c_o_CXX=yes
lt_cv_prog_compiler_pic='-fPIC -DPIC'
lt_cv_prog_compiler_pic_CXX='-fPIC -DPIC'
lt_cv_prog_compiler_pic_works=yes
lt_cv_prog_compiler_pic_works_CXX=yes
lt_cv_prog_compiler_rtti_exceptions=no
lt_cv_prog_compiler_static_works=yes
lt_cv_prog_compiler_static_works_CXX=yes
lt_cv_prog_gnu_ld=yes
lt_cv_prog_gnu_ldcxx=yes
lt_cv_sharedlib_from_linklib_cmd='printf %s\n'
lt_cv_shlibpath_overrides_runpath=no
lt_cv_sys_global_symbol_pipe='sed -n -e '\''s/^.*[	 ]\([ABCDGIRSTW][ABCDGIRSTW]*\)[	 ][	 ]*\([_A-Za-z][_A-Za-z0-9]*\)$/\1 \2 \2/p'\'' | sed '\''/ __gnu_lto/d'\'''
lt_cv_sys_global_symbol_to_c_name_address='sed -n -e '\''s/^: \(.*\) .*$/  {"\1", (void *) 0},/p'\'' -e '\''s/^[ABCDGIRSTW][ABCDGIRSTW]* .* \(.*\)$/  {"\1", (void *) \&\1},/p'\'''
lt_cv_sys_global_symbol_to_c_name_address_lib_prefix='sed -n -e '\''s/^: \(.*\) .*$/  {"\1", (void *) 0},/p'\'' -e '\''s/^[ABCDGIRSTW][ABCDGIRSTW]* .* \(lib.*\)$/  {"\1", (void *) \&\1},/p'\'' -e '\''s/^[ABCDGIRSTW][ABCDGIRSTW]* .* \(.*\)$/  {"lib\1", (void *) \&\1},/p'\'''
lt_cv_sys_global_symbol_to_cdecl='sed -n -e '\''s/^T .* \(.*\)$/extern int \1();/p'\'' -e '\''s/^[ABCDGIRSTW][ABCDGIRSTW]* .* \(.*\)$/extern char \1;/p'\'''
lt_cv_sys_global_symbol_to_import=
lt_cv_sys_max_cmd_len=1572864
lt_cv_to_host_file_cmd=func_convert_file_noop
lt_cv_to_tool_file_cmd=func_convert_file_noop
lt_cv_truncate_bin='/bin/dd bs=4096 count=1'
pkg_cv_LIBCURL_CFLAGS=-I/root/advancedtomat/release/src-rt-6.x.4708/router/libcurl/include
pkg_cv_LIBCURL_LIBS=-lcurl
pkg_cv_LIBEVENT_CFLAGS=-I/root/advancedtomat/release/src-rt-6.x.4708/router/libevent/include
pkg_cv_LIBEVENT_LIBS=-levent
pkg_cv_OPENSSL_CFLAGS=-I/root/advancedtomat/release/src-rt-6.x.4708/router/openssl/include
pkg_cv_OPENSSL_LIBS='-lcrypto -lssl'
pkg_cv_ZLIB_CFLAGS=-I/root/advancedtomat/release/src-rt-6.x.4708/router/zlib
pkg_cv_ZLIB_LIBS=-lz

## ----------------- ##
## Output variables. ##
## ----------------- ##

ACLOCAL='${SHELL} /root/advancedtomat/release/src-rt-6.x.4708/router/transmission/missing aclocal-1.14'
ALL_LINGUAS=''
AMDEPBACKSLASH='\'
AMDEP_FALSE='#'
AMDEP_TRUE=''
AMTAR='$${TAR-tar}'
AM_BACKSLASH='\'
AM_DEFAULT_V='$(AM_DEFAULT_VERBOSITY)'
AM_DEFAULT_VERBOSITY='0'
AM_V='$(V)'
AR='arm-brcm-linux-uclibcgnueabi-ar'
AUTOCONF='${SHELL} /root/advancedtomat/release/src-rt-6.x.4708/router/transmission/missing autoconf'
AUTOHEADER='${SHELL} /root/advancedtomat/release/src-rt-6.x.4708/router/transmission/missing autoheader'
AUTOMAKE='${SHELL} /root/advancedtomat/release/src-rt-6.x.4708/router/transmission/missing automake-1.14'
AWK='gawk'
BUILD_B64_FALSE='#'
BUILD_B64_TRUE=''
BUILD_CLI_FALSE=''
BUILD_CLI_TRUE='#'
BUILD_DAEMON_FALSE='#'
BUILD_DAEMON_TRUE=''
BUILD_DHT_FALSE='#'
BUILD_DHT_TRUE=''
BUILD_GTK_FALSE=''
BUILD_GTK_TRUE='#'
BUILD_MAC_FALSE=''
BUILD_MAC_TRUE='#'
BUILD_MINIUPNP_FALSE='#'
BUILD_MINIUPNP_TRUE=''
BUILD_NATPMP_FALSE='#'
BUILD_NATPMP_TRUE=''
BUILD_UTP_FALSE='#'
BUILD_UTP_TRUE=''
CATALOGS=''
CATOBJEXT=''
CC='arm-brcm-linux-uclibcgnueabi-gcc'
CCDEPMODE='depmode=gcc3'
CFLAGS='-Os -Wall -fno-delete-null-pointer-checks -funit-at-a-time 		--param large-function-growth=800 --param max-inline-insns-single=3000 		-ffunction-sections -fdata-sections -std=gnu99 -ggdb3 -Wall -W -Wpointer-arith -Wformat-security -Wundef -Wcast-align -Wstrict-prototypes -Wmissing-declarations -Wmissing-format-attribute -Wredundant-decls -Wnested-externs -Wunused-parameter -Wwrite-strings -Winline -Wfloat-equal -Wextra -Winit-self -Wvariadic-macros'
CPP='arm-brcm-linux-uclibcgnueabi-gcc -E'
CPPFLAGS=' -DNDEBUG'
CRYPTO_CFLAGS='-I/root/advancedtomat/release/src-rt-6.x.4708/router/openssl/include'
CRYPTO_LIBS='-lcrypto -lssl'
CRYPTO_PKG='openssl'
CRYPTO_USE_CYASSL_FALSE=''
CRYPTO_USE_CYASSL_TRUE='#'
CRYPTO_USE_OPENSSL_FALSE='#'
CRYPTO_USE_OPENSSL_TRUE=''
CRYPTO_USE_POLARSSL_FALSE=''
CRYPTO_USE_POLARSSL_TRUE='#'
CURL_MINIMUM='7.15.4'
CXX='arm-linux-g++'
CXXCPP='arm-linux-g++ -E'
CXXDEPMODE='depmode=gcc3'
CXXFLAGS='-g -O2'
CYASSL_CFLAGS=''
CYASSL_LIBS=''
CYASSL_MINIMUM='3.0'
CYGPATH_W='echo'
DATADIRNAME=''
DEFS='-DPACKAGE_NAME=\"transmission\" -DPACKAGE_TARNAME=\"transmission\" -DPACKAGE_VERSION=\"2.93\" -DPACKAGE_STRING=\"transmission\ 2.93\" -DPACKAGE_BUGREPORT=\"https://github.com/transmission/transmission\" -DPACKAGE_URL=\"\" -DPACKAGE=\"transmission\" -DVERSION=\"2.93\" -DSTDC_HEADERS=1 -DHAVE_SYS_TYPES_H=1 -DHAVE_SYS_STAT_H=1 -DHAVE_STDLIB_H=1 -DHAVE_STRING_H=1 -DHAVE_MEMORY_H=1 -DHAVE_STRINGS_H=1 -DHAVE_INTTYPES_H=1 -DHAVE_STDINT_H=1 -DHAVE_UNISTD_H=1 -DHAVE_DLFCN_H=1 -DLT_OBJDIR=\".libs/\" -DSTDC_HEADERS=1 -DTIME_WITH_SYS_TIME=1 -DHAVE_STDBOOL_H=1 -DHAVE_XLOCALE_H=1 -DHAVE_ICONV=1 -DHAVE_PREAD=1 -DHAVE_PWRITE=1 -DHAVE_STRLCPY=1 -DHAVE_DAEMON=1 -DHAVE_DIRNAME=1 -DHAVE_BASENAME=1 -DHAVE_CANONICALIZE_FILE_NAME=1 -DHAVE_STRCASECMP=1 -DHAVE_LOCALTIME_R=1 -DHAVE_MEMMEM=1 -DHAVE_STRSEP=1 -DHAVE_STRTOLD=1 -DHAVE_SYSLOG=1 -DHAVE_VALLOC=1 -DHAVE_GETPAGESIZE=1 -DHAVE_POSIX_MEMALIGN=1 -DHAVE_STATVFS=1 -DHAVE_MKDTEMP=1 -DHAVE_USELOCALE=1 -DHAVE_PTHREAD=1 -D_FILE_OFFSET_BITS=64 -DHAVE_GETMNTENT=1 -DHAVE_DECL_POSIX_FADVISE=1 -DHAVE_POSIX_FADVISE=1 -DHAVE_SYS_STATVFS_H=1 -DWITH_UTP=1 -DTR_LIGHTWEIGHT=1'
DEPDIR='.deps'
DHT_CFLAGS='-I$(top_srcdir)/third-party/dht'
DHT_LIBS='$(top_builddir)/third-party/dht/libdht.a'
DHT_LIBS_QT='$${TRANSMISSION_TOP}/third-party/dht/libdht.a'
DLLTOOL='false'
DSYMUTIL=''
DUMPBIN=''
ECHO_C=''
ECHO_N='-n'
ECHO_T=''
EGREP='/bin/grep -E'
EXEEXT=''
FGREP='/bin/grep -F'
GETTEXT_PACKAGE=''
GIO_MINIMUM='2.26.0'
GLIB_MINIMUM='2.32.0'
GMOFILES=''
GMSGFMT=''
GREP='/bin/grep'
GTK_CFLAGS=''
GTK_LIBS=''
GTK_MINIMUM='3.4.0'
HAVE_REVISION_FILE_FALSE='#'
HAVE_REVISION_FILE_TRUE=''
INSTALL_DATA='${INSTALL} -m 644'
INSTALL_PROGRAM='${INSTALL}'
INSTALL_SCRIPT='${INSTALL}'
INSTALL_STRIP_PROGRAM='$(install_sh) -c -s'
INSTOBJEXT=''
INTLLIBS=''
INTLTOOL_CAVES_RULE=''
INTLTOOL_DESKTOP_RULE=''
INTLTOOL_DIRECTORY_RULE=''
INTLTOOL_EXTRACT=''
INTLTOOL_KBD_RULE=''
INTLTOOL_KEYS_RULE=''
INTLTOOL_MERGE=''
INTLTOOL_OAF_RULE=''
INTLTOOL_PERL=''
INTLTOOL_POLICY_RULE=''
INTLTOOL_PONG_RULE=''
INTLTOOL_PROP_RULE=''
INTLTOOL_SCHEMAS_RULE=''
INTLTOOL_SERVER_RULE=''
INTLTOOL_SERVICE_RULE=''
INTLTOOL_SHEET_RULE=''
INTLTOOL_SOUNDLIST_RULE=''
INTLTOOL_THEME_RULE=''
INTLTOOL_UI_RULE=''
INTLTOOL_UPDATE=''
INTLTOOL_V_MERGE=''
INTLTOOL_V_MERGE_OPTIONS=''
INTLTOOL_XAM_RULE=''
INTLTOOL_XML_NOMERGE_RULE=''
INTLTOOL_XML_RULE=''
INTLTOOL__v_MERGE_0=''
INTLTOOL__v_MERGE_=''
LD='arm-brcm-linux-uclibcgnueabi-ld'
LDFLAGS='-ffunction-sections -fdata-sections -Wl,--gc-sections -fPIC 		-L/root/advancedtomat/release/src-rt-6.x.4708/router/zlib -L/root/advancedtomat/release/src-rt-6.x.4708/router/openssl -L/root/advancedtomat/release/src-rt-6.x.4708/router/libcurl/lib/.libs -L/root/advancedtomat/release/src-rt-6.x.4708/router/libevent/.libs'
LIBAPPINDICATOR_CFLAGS=''
LIBAPPINDICATOR_LIBS=''
LIBAPPINDICATOR_MINIMUM='0.4.90'
LIBB64_CFLAGS='-I$(top_srcdir)/third-party/libb64'
LIBB64_LIBS='$(top_builddir)/third-party/libb64/libb64.a'
LIBB64_LIBS_QT='$${TRANSMISSION_TOP}/third-party/libb64/libb64.a'
LIBCURL_CFLAGS='-I/root/advancedtomat/release/src-rt-6.x.4708/router/libcurl/include'
LIBCURL_LIBS='-lcurl'
LIBEVENT_CFLAGS='-I/root/advancedtomat/release/src-rt-6.x.4708/router/libevent/include'
LIBEVENT_LIBS='-levent'
LIBEVENT_MINIMUM='2.0.10'
LIBM='-lm'
LIBNATPMP_CFLAGS='-I$(top_srcdir)/third-party/libnatpmp/'
LIBNATPMP_LIBS='$(top_builddir)/third-party/libnatpmp/libnatpmp.a'
LIBNATPMP_LIBS_QT='$${TRANSMISSION_TOP}/third-party/libnatpmp/libnatpmp.a'
LIBOBJS=''
LIBS='-lm '
LIBTOOL='$(SHELL) $(top_builddir)/libtool'
LIBUPNP_CFLAGS='-I$(top_srcdir)/third-party/'
LIBUPNP_LIBS='$(top_builddir)/third-party/miniupnp/libminiupnp.a'
LIBUPNP_LIBS_QT='$${TRANSMISSION_TOP}/third-party/miniupnp/libminiupnp.a'
LIBUTP_CFLAGS='-I$(top_srcdir)/third-party/'
LIBUTP_LIBS='$(top_builddir)/third-party/libutp/libutp.a -lrt'
LIBUTP_LIBS_QT='$${TRANSMISSION_TOP}/third-party/libutp/libutp.a -lrt'
LIPO=''
LN_S='ln -s'
LTLIBOBJS=''
LT_SYS_LIBRARY_PATH=''
MAKEINFO='${SHELL} /root/advancedtomat/release/src-rt-6.x.4708/router/transmission/missing makeinfo'
MANIFEST_TOOL=':'
MKDIR_P='/bin/mkdir -p'
MKINSTALLDIRS=''
MSGFMT=''
MSGMERGE=''
NM='arm-brcm-linux-uclibcgnueabi-nm'
NMEDIT=''
OBJDUMP='objdump'
OBJEXT='o'
OPENSSL_CFLAGS='-I/root/advancedtomat/release/src-rt-6.x.4708/router/openssl/include'
OPENSSL_LIBS='-lcrypto -lssl'
OPENSSL_MINIMUM='0.9.7'
OTOOL64=''
OTOOL=''
PACKAGE='transmission'
PACKAGE_BUGREPORT='https://github.com/transmission/transmission'
PACKAGE_NAME='transmission'
PACKAGE_STRING='transmission 2.93'
PACKAGE_TARNAME='transmission'
PACKAGE_URL=''
PACKAGE_VERSION='2.93'
PATH_SEPARATOR=':'
PEERID_PREFIX='-TR2930-'
PKG_CONFIG='/usr/bin/pkg-config'
POFILES=''
POLARSSL_MINIMUM='0x01020000'
POSUB=''
PO_IN_DATADIR_FALSE=''
PO_IN_DATADIR_TRUE=''
PTHREAD_CC='arm-brcm-linux-uclibcgnueabi-gcc'
PTHREAD_CFLAGS='-pthread'
PTHREAD_LIBS=''
RANLIB='arm-brcm-linux-uclibcgnueabi-ranlib'
SED='/bin/sed'
SET_MAKE=''
SHELL='/bin/bash'
STRIP='arm-brcm-linux-uclibcgnueabi-strip'
SYSTEMD_DAEMON_CFLAGS=''
SYSTEMD_DAEMON_LIBS=''
TR_UNSTABLE_FALSE=''
TR_UNSTABLE_TRUE='#'
USERAGENT_PREFIX='2.93'
USE_INOTIFY_FALSE='#'
USE_INOTIFY_TRUE=''
USE_KQUEUE_FALSE=''
USE_KQUEUE_TRUE='#'
USE_NLS=''
VERSION='2.93'
WIN32_FALSE=''
WIN32_TRUE='#'
WINDRES=''
WOLFSSL_CFLAGS=''
WOLFSSL_LIBS=''
XGETTEXT=''
ZLIB_CFLAGS='-I/root/advancedtomat/release/src-rt-6.x.4708/router/zlib'
ZLIB_LIBS='-lz'
ZLIB_MINIMUM='1.2.3'
ac_ct_AR=''
ac_ct_CC=''
ac_ct_CXX=''
ac_ct_DUMPBIN=''
acx_pthread_config=''
am__EXEEXT_FALSE=''
am__EXEEXT_TRUE='#'
am__fastdepCC_FALSE='#'
am__fastdepCC_TRUE=''
am__fastdepCXX_FALSE='#'
am__fastdepCXX_TRUE=''
am__include='include'
am__isrc=''
am__leading_dot='.'
am__nodep='_no'
am__quote=''
am__tar='tar --format=posix -chf - "$$tardir"'
am__untar='tar -xf -'
bindir='${exec_prefix}/bin'
build='x86_64-pc-linux-gnu'
build_alias='x86_64-linux-gnu'
build_cpu='x86_64'
build_os='linux-gnu'
build_vendor='pc'
datadir='${datarootdir}'
datarootdir='${prefix}/share'
docdir='${datarootdir}/doc/${PACKAGE_TARNAME}'
dvidir='${docdir}'
exec_prefix='${prefix}'
host='arm-unknown-linux-gnu'
host_alias='arm-linux'
host_cpu='arm'
host_os='linux-gnu'
host_vendor='unknown'
htmldir='${docdir}'
includedir='${prefix}/include'
infodir='${datarootdir}/info'
install_sh='${SHELL} /root/advancedtomat/release/src-rt-6.x.4708/router/transmission/install-sh'
intltool__v_merge_options_0=''
intltool__v_merge_options_=''
libdir='${exec_prefix}/lib'
libexecdir='${exec_prefix}/libexec'
localedir='${datarootdir}/locale'
localstatedir='${prefix}/var'
mandir='${datarootdir}/man'
mkdir_p='$(MKDIR_P)'
oldincludedir='/usr/include'
pdfdir='${docdir}'
prefix='/usr'
program_transform_name='s,x,x,'
psdir='${docdir}'
runstatedir='${localstatedir}/run'
sbindir='${exec_prefix}/sbin'
sharedstatedir='${prefix}/com'
sysconfdir='${prefix}/etc'
target_alias='arm-linux'
transmissionlocaledir=''

## ----------- ##
## confdefs.h. ##
## ----------- ##

/* confdefs.h */
#define PACKAGE_NAME "transmission"
#define PACKAGE_TARNAME "transmission"
#define PACKAGE_VERSION "2.93"
#define PACKAGE_STRING "transmission 2.93"
#define PACKAGE_BUGREPORT "https://github.com/transmission/transmission"
#define PACKAGE_URL ""
#define PACKAGE "transmission"
#define VERSION "2.93"
#define STDC_HEADERS 1
#define HAVE_SYS_TYPES_H 1
#define HAVE_SYS_STAT_H 1
#define HAVE_STDLIB_H 1
#define HAVE_STRING_H 1
#define HAVE_MEMORY_H 1
#define HAVE_STRINGS_H 1
#define HAVE_INTTYPES_H 1
#define HAVE_STDINT_H 1
#define HAVE_UNISTD_H 1
#define HAVE_DLFCN_H 1
#define LT_OBJDIR ".libs/"
#define STDC_HEADERS 1
#define TIME_WITH_SYS_TIME 1
#define HAVE_STDBOOL_H 1
#define HAVE_XLOCALE_H 1
#define HAVE_ICONV 1
#define HAVE_PREAD 1
#define HAVE_PWRITE 1
#define HAVE_STRLCPY 1
#define HAVE_DAEMON 1
#define HAVE_DIRNAME 1
#define HAVE_BASENAME 1
#define HAVE_CANONICALIZE_FILE_NAME 1
#define HAVE_STRCASECMP 1
#define HAVE_LOCALTIME_R 1
#define HAVE_MEMMEM 1
#define HAVE_STRSEP 1
#define HAVE_STRTOLD 1
#define HAVE_SYSLOG 1
#define HAVE_VALLOC 1
#define HAVE_GETPAGESIZE 1
#define HAVE_POSIX_MEMALIGN 1
#define HAVE_STATVFS 1
#define HAVE_MKDTEMP 1
#define HAVE_USELOCALE 1
#define HAVE_PTHREAD 1
#define _FILE_OFFSET_BITS 64
#define HAVE_GETMNTENT 1
#define HAVE_DECL_POSIX_FADVISE 1
#define HAVE_POSIX_FADVISE 1
#define HAVE_SYS_STATVFS_H 1
#define WITH_UTP 1
#define TR_LIGHTWEIGHT 1

configure: exit 0
